CRITICAL - 2024-05-22 11:18:37 --> Error: Class "App\Models\HealthModel" not found
[Method: GET, Route: superadmin/fetchData]
in APPPATH\Controllers\Superadmin.php on line 147.
 1 SYSTEMPATH\CodeIgniter.php(933): App\Controllers\Superadmin->fetchData()
 2 SYSTEMPATH\CodeIgniter.php(509): CodeIgniter\CodeIgniter->runController(Object(App\Controllers\Superadmin))
 3 SYSTEMPATH\CodeIgniter.php(355): CodeIgniter\CodeIgniter->handleRequest(null, Object(Config\Cache), false)
 4 SYSTEMPATH\Boot.php(325): CodeIgniter\CodeIgniter->run()
 5 SYSTEMPATH\Boot.php(67): CodeIgniter\Boot::runCodeIgniter(Object(CodeIgniter\CodeIgniter))
 6 FCPATH\index.php(56): CodeIgniter\Boot::bootWeb(Object(Config\Paths))
CRITICAL - 2024-05-22 11:18:42 --> Error: Class "App\Models\HealthModel" not found
[Method: GET, Route: superadmin/fetchData]
in APPPATH\Controllers\Superadmin.php on line 147.
 1 SYSTEMPATH\CodeIgniter.php(933): App\Controllers\Superadmin->fetchData()
 2 SYSTEMPATH\CodeIgniter.php(509): CodeIgniter\CodeIgniter->runController(Object(App\Controllers\Superadmin))
 3 SYSTEMPATH\CodeIgniter.php(355): CodeIgniter\CodeIgniter->handleRequest(null, Object(Config\Cache), false)
 4 SYSTEMPATH\Boot.php(325): CodeIgniter\CodeIgniter->run()
 5 SYSTEMPATH\Boot.php(67): CodeIgniter\Boot::runCodeIgniter(Object(CodeIgniter\CodeIgniter))
 6 FCPATH\index.php(56): CodeIgniter\Boot::bootWeb(Object(Config\Paths))
CRITICAL - 2024-05-22 11:18:53 --> Error: Class "App\Models\HealthModel" not found
[Method: GET, Route: superadmin/fetchData]
in APPPATH\Controllers\Superadmin.php on line 147.
 1 SYSTEMPATH\CodeIgniter.php(933): App\Controllers\Superadmin->fetchData()
 2 SYSTEMPATH\CodeIgniter.php(509): CodeIgniter\CodeIgniter->runController(Object(App\Controllers\Superadmin))
 3 SYSTEMPATH\CodeIgniter.php(355): CodeIgniter\CodeIgniter->handleRequest(null, Object(Config\Cache), false)
 4 SYSTEMPATH\Boot.php(325): CodeIgniter\CodeIgniter->run()
 5 SYSTEMPATH\Boot.php(67): CodeIgniter\Boot::runCodeIgniter(Object(CodeIgniter\CodeIgniter))
 6 FCPATH\index.php(56): CodeIgniter\Boot::bootWeb(Object(Config\Paths))
CRITICAL - 2024-05-22 11:25:13 --> CodeIgniter\Database\Exceptions\DatabaseException: You must set the database table to be used with your query.
[Method: GET, Route: superadmin/fetchData]
in SYSTEMPATH\Database\BaseConnection.php on line 913.
 1 SYSTEMPATH\Model.php(705): CodeIgniter\Database\BaseConnection->table(null)
 2 SYSTEMPATH\Model.php(911): CodeIgniter\Model->builder()
 3 APPPATH\Controllers\Superadmin.php(156): CodeIgniter\Model->__call('orderBy', [...])
 4 SYSTEMPATH\CodeIgniter.php(933): App\Controllers\Superadmin->fetchData()
 5 SYSTEMPATH\CodeIgniter.php(509): CodeIgniter\CodeIgniter->runController(Object(App\Controllers\Superadmin))
 6 SYSTEMPATH\CodeIgniter.php(355): CodeIgniter\CodeIgniter->handleRequest(null, Object(Config\Cache), false)
 7 SYSTEMPATH\Boot.php(325): CodeIgniter\CodeIgniter->run()
 8 SYSTEMPATH\Boot.php(67): CodeIgniter\Boot::runCodeIgniter(Object(CodeIgniter\CodeIgniter))
 9 FCPATH\index.php(56): CodeIgniter\Boot::bootWeb(Object(Config\Paths))
CRITICAL - 2024-05-22 11:28:53 --> CodeIgniter\Database\Exceptions\DatabaseException: You must set the database table to be used with your query.
[Method: GET, Route: superadmin/fetchData]
in SYSTEMPATH\Database\BaseConnection.php on line 913.
 1 SYSTEMPATH\Model.php(705): CodeIgniter\Database\BaseConnection->table(null)
 2 SYSTEMPATH\Model.php(911): CodeIgniter\Model->builder()
 3 APPPATH\Controllers\Superadmin.php(156): CodeIgniter\Model->__call('orderBy', [...])
 4 SYSTEMPATH\CodeIgniter.php(933): App\Controllers\Superadmin->fetchData()
 5 SYSTEMPATH\CodeIgniter.php(509): CodeIgniter\CodeIgniter->runController(Object(App\Controllers\Superadmin))
 6 SYSTEMPATH\CodeIgniter.php(355): CodeIgniter\CodeIgniter->handleRequest(null, Object(Config\Cache), false)
 7 SYSTEMPATH\Boot.php(325): CodeIgniter\CodeIgniter->run()
 8 SYSTEMPATH\Boot.php(67): CodeIgniter\Boot::runCodeIgniter(Object(CodeIgniter\CodeIgniter))
 9 FCPATH\index.php(56): CodeIgniter\Boot::bootWeb(Object(Config\Paths))
CRITICAL - 2024-05-22 11:48:15 --> Error: Call to a member function orderBy() on array
[Method: GET, Route: superadmin/fetchData]
in APPPATH\Controllers\Superadmin.php on line 158.
 1 SYSTEMPATH\CodeIgniter.php(933): App\Controllers\Superadmin->fetchData()
 2 SYSTEMPATH\CodeIgniter.php(509): CodeIgniter\CodeIgniter->runController(Object(App\Controllers\Superadmin))
 3 SYSTEMPATH\CodeIgniter.php(355): CodeIgniter\CodeIgniter->handleRequest(null, Object(Config\Cache), false)
 4 SYSTEMPATH\Boot.php(325): CodeIgniter\CodeIgniter->run()
 5 SYSTEMPATH\Boot.php(67): CodeIgniter\Boot::runCodeIgniter(Object(CodeIgniter\CodeIgniter))
 6 FCPATH\index.php(56): CodeIgniter\Boot::bootWeb(Object(Config\Paths))
CRITICAL - 2024-05-22 11:50:27 --> Error: Call to a member function orderBy() on array
[Method: GET, Route: superadmin/fetchData]
in APPPATH\Controllers\Superadmin.php on line 157.
 1 SYSTEMPATH\CodeIgniter.php(933): App\Controllers\Superadmin->fetchData()
 2 SYSTEMPATH\CodeIgniter.php(509): CodeIgniter\CodeIgniter->runController(Object(App\Controllers\Superadmin))
 3 SYSTEMPATH\CodeIgniter.php(355): CodeIgniter\CodeIgniter->handleRequest(null, Object(Config\Cache), false)
 4 SYSTEMPATH\Boot.php(325): CodeIgniter\CodeIgniter->run()
 5 SYSTEMPATH\Boot.php(67): CodeIgniter\Boot::runCodeIgniter(Object(CodeIgniter\CodeIgniter))
 6 FCPATH\index.php(56): CodeIgniter\Boot::bootWeb(Object(Config\Paths))
ERROR - 2024-05-22 11:53:10 --> Error in fetchData: Undefined array key "dept"
CRITICAL - 2024-05-22 06:27:33 --> ErrorException: Cannot use try without catch or finally
[Method: GET, Route: superadmin/addDepartment]
in APPPATH\Controllers\Superadmin.php on line 146.
 1 [internal function]: CodeIgniter\Debug\Exceptions->shutdownHandler()
CRITICAL - 2024-05-22 06:27:51 --> ErrorException: Cannot use try without catch or finally
[Method: GET, Route: superadmin/addDepartment]
in APPPATH\Controllers\Superadmin.php on line 146.
 1 [internal function]: CodeIgniter\Debug\Exceptions->shutdownHandler()
ERROR - 2024-05-22 12:11:27 --> mysqli_sql_exception: Unknown column 'dept' in 'where clause' in C:\xampp\htdocs\ticket-system\system\Database\MySQLi\Connection.php:310
Stack trace:
#0 C:\xampp\htdocs\ticket-system\system\Database\MySQLi\Connection.php(310): mysqli->query('SELECT *\nFROM `...', 0)
#1 C:\xampp\htdocs\ticket-system\system\Database\BaseConnection.php(722): CodeIgniter\Database\MySQLi\Connection->execute('SELECT *\nFROM `...')
#2 C:\xampp\htdocs\ticket-system\system\Database\BaseConnection.php(636): CodeIgniter\Database\BaseConnection->simpleQuery('SELECT *\nFROM `...')
#3 C:\xampp\htdocs\ticket-system\system\Database\BaseBuilder.php(1637): CodeIgniter\Database\BaseConnection->query('SELECT *\nFROM `...', Array, false)
#4 C:\xampp\htdocs\ticket-system\app\Controllers\Superadmin.php(229): CodeIgniter\Database\BaseBuilder->get(10, 0)
#5 C:\xampp\htdocs\ticket-system\system\CodeIgniter.php(933): App\Controllers\Superadmin->fetchData()
#6 C:\xampp\htdocs\ticket-system\system\CodeIgniter.php(509): CodeIgniter\CodeIgniter->runController(Object(App\Controllers\Superadmin))
#7 C:\xampp\htdocs\ticket-system\system\CodeIgniter.php(355): CodeIgniter\CodeIgniter->handleRequest(NULL, Object(Config\Cache), false)
#8 C:\xampp\htdocs\ticket-system\system\Boot.php(325): CodeIgniter\CodeIgniter->run()
#9 C:\xampp\htdocs\ticket-system\system\Boot.php(67): CodeIgniter\Boot::runCodeIgniter(Object(CodeIgniter\CodeIgniter))
#10 C:\xampp\htdocs\ticket-system\index.php(56): CodeIgniter\Boot::bootWeb(Object(Config\Paths))
#11 {main}
CRITICAL - 2024-05-22 12:11:27 --> CodeIgniter\Database\Exceptions\DatabaseException: Unknown column 'dept' in 'where clause'
[Method: GET, Route: superadmin/fetchData]
in SYSTEMPATH\Database\BaseConnection.php on line 676.
 1 SYSTEMPATH\Database\BaseBuilder.php(1637): CodeIgniter\Database\BaseConnection->query('SELECT *
FROM `department`
WHERE   (
`dept` LIKE :dept: ESCAPE \'!\'
OR  `dept_username` LIKE :dept_username: ESCAPE \'!\'
 )
ORDER BY 1 DESC
 LIMIT 10', [...], false)
 2 APPPATH\Controllers\Superadmin.php(229): CodeIgniter\Database\BaseBuilder->get(10, 0)
 3 SYSTEMPATH\CodeIgniter.php(933): App\Controllers\Superadmin->fetchData()
 4 SYSTEMPATH\CodeIgniter.php(509): CodeIgniter\CodeIgniter->runController(Object(App\Controllers\Superadmin))
 5 SYSTEMPATH\CodeIgniter.php(355): CodeIgniter\CodeIgniter->handleRequest(null, Object(Config\Cache), false)
 6 SYSTEMPATH\Boot.php(325): CodeIgniter\CodeIgniter->run()
 7 SYSTEMPATH\Boot.php(67): CodeIgniter\Boot::runCodeIgniter(Object(CodeIgniter\CodeIgniter))
 8 FCPATH\index.php(56): CodeIgniter\Boot::bootWeb(Object(Config\Paths))
CRITICAL - 2024-05-22 12:11:27 --> [Caused by] CodeIgniter\Database\Exceptions\DatabaseException: Unknown column 'dept' in 'where clause'
in SYSTEMPATH\Database\MySQLi\Connection.php on line 315.
 1 SYSTEMPATH\Database\BaseConnection.php(722): CodeIgniter\Database\MySQLi\Connection->execute('SELECT *
FROM `department`
WHERE   (
`dept` LIKE \'%d%\' ESCAPE \'!\'
OR  `dept_username` LIKE \'%d%\' ESCAPE \'!\'
 )
ORDER BY 1 DESC
 LIMIT 10')
 2 SYSTEMPATH\Database\BaseConnection.php(636): CodeIgniter\Database\BaseConnection->simpleQuery('SELECT *
FROM `department`
WHERE   (
`dept` LIKE \'%d%\' ESCAPE \'!\'
OR  `dept_username` LIKE \'%d%\' ESCAPE \'!\'
 )
ORDER BY 1 DESC
 LIMIT 10')
 3 SYSTEMPATH\Database\BaseBuilder.php(1637): CodeIgniter\Database\BaseConnection->query('SELECT *
FROM `department`
WHERE   (
`dept` LIKE :dept: ESCAPE \'!\'
OR  `dept_username` LIKE :dept_username: ESCAPE \'!\'
 )
ORDER BY 1 DESC
 LIMIT 10', [...], false)
 4 APPPATH\Controllers\Superadmin.php(229): CodeIgniter\Database\BaseBuilder->get(10, 0)
 5 SYSTEMPATH\CodeIgniter.php(933): App\Controllers\Superadmin->fetchData()
 6 SYSTEMPATH\CodeIgniter.php(509): CodeIgniter\CodeIgniter->runController(Object(App\Controllers\Superadmin))
 7 SYSTEMPATH\CodeIgniter.php(355): CodeIgniter\CodeIgniter->handleRequest(null, Object(Config\Cache), false)
 8 SYSTEMPATH\Boot.php(325): CodeIgniter\CodeIgniter->run()
 9 SYSTEMPATH\Boot.php(67): CodeIgniter\Boot::runCodeIgniter(Object(CodeIgniter\CodeIgniter))
10 FCPATH\index.php(56): CodeIgniter\Boot::bootWeb(Object(Config\Paths))
CRITICAL - 2024-05-22 12:11:27 --> [Caused by] mysqli_sql_exception: Unknown column 'dept' in 'where clause'
in SYSTEMPATH\Database\MySQLi\Connection.php on line 310.
 1 SYSTEMPATH\Database\MySQLi\Connection.php(310): mysqli->query('SELECT *
FROM `department`
WHERE   (
`dept` LIKE \'%d%\' ESCAPE \'!\'
OR  `dept_username` LIKE \'%d%\' ESCAPE \'!\'
 )
ORDER BY 1 DESC
 LIMIT 10', 0)
 2 SYSTEMPATH\Database\BaseConnection.php(722): CodeIgniter\Database\MySQLi\Connection->execute('SELECT *
FROM `department`
WHERE   (
`dept` LIKE \'%d%\' ESCAPE \'!\'
OR  `dept_username` LIKE \'%d%\' ESCAPE \'!\'
 )
ORDER BY 1 DESC
 LIMIT 10')
 3 SYSTEMPATH\Database\BaseConnection.php(636): CodeIgniter\Database\BaseConnection->simpleQuery('SELECT *
FROM `department`
WHERE   (
`dept` LIKE \'%d%\' ESCAPE \'!\'
OR  `dept_username` LIKE \'%d%\' ESCAPE \'!\'
 )
ORDER BY 1 DESC
 LIMIT 10')
 4 SYSTEMPATH\Database\BaseBuilder.php(1637): CodeIgniter\Database\BaseConnection->query('SELECT *
FROM `department`
WHERE   (
`dept` LIKE :dept: ESCAPE \'!\'
OR  `dept_username` LIKE :dept_username: ESCAPE \'!\'
 )
ORDER BY 1 DESC
 LIMIT 10', [...], false)
 5 APPPATH\Controllers\Superadmin.php(229): CodeIgniter\Database\BaseBuilder->get(10, 0)
 6 SYSTEMPATH\CodeIgniter.php(933): App\Controllers\Superadmin->fetchData()
 7 SYSTEMPATH\CodeIgniter.php(509): CodeIgniter\CodeIgniter->runController(Object(App\Controllers\Superadmin))
 8 SYSTEMPATH\CodeIgniter.php(355): CodeIgniter\CodeIgniter->handleRequest(null, Object(Config\Cache), false)
 9 SYSTEMPATH\Boot.php(325): CodeIgniter\CodeIgniter->run()
10 SYSTEMPATH\Boot.php(67): CodeIgniter\Boot::runCodeIgniter(Object(CodeIgniter\CodeIgniter))
11 FCPATH\index.php(56): CodeIgniter\Boot::bootWeb(Object(Config\Paths))
ERROR - 2024-05-22 12:11:28 --> mysqli_sql_exception: Unknown column 'dept' in 'where clause' in C:\xampp\htdocs\ticket-system\system\Database\MySQLi\Connection.php:310
Stack trace:
#0 C:\xampp\htdocs\ticket-system\system\Database\MySQLi\Connection.php(310): mysqli->query('SELECT *\nFROM `...', 0)
#1 C:\xampp\htdocs\ticket-system\system\Database\BaseConnection.php(722): CodeIgniter\Database\MySQLi\Connection->execute('SELECT *\nFROM `...')
#2 C:\xampp\htdocs\ticket-system\system\Database\BaseConnection.php(636): CodeIgniter\Database\BaseConnection->simpleQuery('SELECT *\nFROM `...')
#3 C:\xampp\htdocs\ticket-system\system\Database\BaseBuilder.php(1637): CodeIgniter\Database\BaseConnection->query('SELECT *\nFROM `...', Array, false)
#4 C:\xampp\htdocs\ticket-system\app\Controllers\Superadmin.php(229): CodeIgniter\Database\BaseBuilder->get(10, 0)
#5 C:\xampp\htdocs\ticket-system\system\CodeIgniter.php(933): App\Controllers\Superadmin->fetchData()
#6 C:\xampp\htdocs\ticket-system\system\CodeIgniter.php(509): CodeIgniter\CodeIgniter->runController(Object(App\Controllers\Superadmin))
#7 C:\xampp\htdocs\ticket-system\system\CodeIgniter.php(355): CodeIgniter\CodeIgniter->handleRequest(NULL, Object(Config\Cache), false)
#8 C:\xampp\htdocs\ticket-system\system\Boot.php(325): CodeIgniter\CodeIgniter->run()
#9 C:\xampp\htdocs\ticket-system\system\Boot.php(67): CodeIgniter\Boot::runCodeIgniter(Object(CodeIgniter\CodeIgniter))
#10 C:\xampp\htdocs\ticket-system\index.php(56): CodeIgniter\Boot::bootWeb(Object(Config\Paths))
#11 {main}
CRITICAL - 2024-05-22 12:11:28 --> CodeIgniter\Database\Exceptions\DatabaseException: Unknown column 'dept' in 'where clause'
[Method: GET, Route: superadmin/fetchData]
in SYSTEMPATH\Database\BaseConnection.php on line 676.
 1 SYSTEMPATH\Database\BaseBuilder.php(1637): CodeIgniter\Database\BaseConnection->query('SELECT *
FROM `department`
WHERE   (
`dept` LIKE :dept: ESCAPE \'!\'
OR  `dept_username` LIKE :dept_username: ESCAPE \'!\'
 )
ORDER BY 1 DESC
 LIMIT 10', [...], false)
 2 APPPATH\Controllers\Superadmin.php(229): CodeIgniter\Database\BaseBuilder->get(10, 0)
 3 SYSTEMPATH\CodeIgniter.php(933): App\Controllers\Superadmin->fetchData()
 4 SYSTEMPATH\CodeIgniter.php(509): CodeIgniter\CodeIgniter->runController(Object(App\Controllers\Superadmin))
 5 SYSTEMPATH\CodeIgniter.php(355): CodeIgniter\CodeIgniter->handleRequest(null, Object(Config\Cache), false)
 6 SYSTEMPATH\Boot.php(325): CodeIgniter\CodeIgniter->run()
 7 SYSTEMPATH\Boot.php(67): CodeIgniter\Boot::runCodeIgniter(Object(CodeIgniter\CodeIgniter))
 8 FCPATH\index.php(56): CodeIgniter\Boot::bootWeb(Object(Config\Paths))
CRITICAL - 2024-05-22 12:11:28 --> [Caused by] CodeIgniter\Database\Exceptions\DatabaseException: Unknown column 'dept' in 'where clause'
in SYSTEMPATH\Database\MySQLi\Connection.php on line 315.
 1 SYSTEMPATH\Database\BaseConnection.php(722): CodeIgniter\Database\MySQLi\Connection->execute('SELECT *
FROM `department`
WHERE   (
`dept` LIKE \'%dep%\' ESCAPE \'!\'
OR  `dept_username` LIKE \'%dep%\' ESCAPE \'!\'
 )
ORDER BY 1 DESC
 LIMIT 10')
 2 SYSTEMPATH\Database\BaseConnection.php(636): CodeIgniter\Database\BaseConnection->simpleQuery('SELECT *
FROM `department`
WHERE   (
`dept` LIKE \'%dep%\' ESCAPE \'!\'
OR  `dept_username` LIKE \'%dep%\' ESCAPE \'!\'
 )
ORDER BY 1 DESC
 LIMIT 10')
 3 SYSTEMPATH\Database\BaseBuilder.php(1637): CodeIgniter\Database\BaseConnection->query('SELECT *
FROM `department`
WHERE   (
`dept` LIKE :dept: ESCAPE \'!\'
OR  `dept_username` LIKE :dept_username: ESCAPE \'!\'
 )
ORDER BY 1 DESC
 LIMIT 10', [...], false)
 4 APPPATH\Controllers\Superadmin.php(229): CodeIgniter\Database\BaseBuilder->get(10, 0)
 5 SYSTEMPATH\CodeIgniter.php(933): App\Controllers\Superadmin->fetchData()
 6 SYSTEMPATH\CodeIgniter.php(509): CodeIgniter\CodeIgniter->runController(Object(App\Controllers\Superadmin))
 7 SYSTEMPATH\CodeIgniter.php(355): CodeIgniter\CodeIgniter->handleRequest(null, Object(Config\Cache), false)
 8 SYSTEMPATH\Boot.php(325): CodeIgniter\CodeIgniter->run()
 9 SYSTEMPATH\Boot.php(67): CodeIgniter\Boot::runCodeIgniter(Object(CodeIgniter\CodeIgniter))
10 FCPATH\index.php(56): CodeIgniter\Boot::bootWeb(Object(Config\Paths))
CRITICAL - 2024-05-22 12:11:28 --> [Caused by] mysqli_sql_exception: Unknown column 'dept' in 'where clause'
in SYSTEMPATH\Database\MySQLi\Connection.php on line 310.
 1 SYSTEMPATH\Database\MySQLi\Connection.php(310): mysqli->query('SELECT *
FROM `department`
WHERE   (
`dept` LIKE \'%dep%\' ESCAPE \'!\'
OR  `dept_username` LIKE \'%dep%\' ESCAPE \'!\'
 )
ORDER BY 1 DESC
 LIMIT 10', 0)
 2 SYSTEMPATH\Database\BaseConnection.php(722): CodeIgniter\Database\MySQLi\Connection->execute('SELECT *
FROM `department`
WHERE   (
`dept` LIKE \'%dep%\' ESCAPE \'!\'
OR  `dept_username` LIKE \'%dep%\' ESCAPE \'!\'
 )
ORDER BY 1 DESC
 LIMIT 10')
 3 SYSTEMPATH\Database\BaseConnection.php(636): CodeIgniter\Database\BaseConnection->simpleQuery('SELECT *
FROM `department`
WHERE   (
`dept` LIKE \'%dep%\' ESCAPE \'!\'
OR  `dept_username` LIKE \'%dep%\' ESCAPE \'!\'
 )
ORDER BY 1 DESC
 LIMIT 10')
 4 SYSTEMPATH\Database\BaseBuilder.php(1637): CodeIgniter\Database\BaseConnection->query('SELECT *
FROM `department`
WHERE   (
`dept` LIKE :dept: ESCAPE \'!\'
OR  `dept_username` LIKE :dept_username: ESCAPE \'!\'
 )
ORDER BY 1 DESC
 LIMIT 10', [...], false)
 5 APPPATH\Controllers\Superadmin.php(229): CodeIgniter\Database\BaseBuilder->get(10, 0)
 6 SYSTEMPATH\CodeIgniter.php(933): App\Controllers\Superadmin->fetchData()
 7 SYSTEMPATH\CodeIgniter.php(509): CodeIgniter\CodeIgniter->runController(Object(App\Controllers\Superadmin))
 8 SYSTEMPATH\CodeIgniter.php(355): CodeIgniter\CodeIgniter->handleRequest(null, Object(Config\Cache), false)
 9 SYSTEMPATH\Boot.php(325): CodeIgniter\CodeIgniter->run()
10 SYSTEMPATH\Boot.php(67): CodeIgniter\Boot::runCodeIgniter(Object(CodeIgniter\CodeIgniter))
11 FCPATH\index.php(56): CodeIgniter\Boot::bootWeb(Object(Config\Paths))
ERROR - 2024-05-22 12:11:28 --> mysqli_sql_exception: Unknown column 'dept' in 'where clause' in C:\xampp\htdocs\ticket-system\system\Database\MySQLi\Connection.php:310
Stack trace:
#0 C:\xampp\htdocs\ticket-system\system\Database\MySQLi\Connection.php(310): mysqli->query('SELECT *\nFROM `...', 0)
#1 C:\xampp\htdocs\ticket-system\system\Database\BaseConnection.php(722): CodeIgniter\Database\MySQLi\Connection->execute('SELECT *\nFROM `...')
#2 C:\xampp\htdocs\ticket-system\system\Database\BaseConnection.php(636): CodeIgniter\Database\BaseConnection->simpleQuery('SELECT *\nFROM `...')
#3 C:\xampp\htdocs\ticket-system\system\Database\BaseBuilder.php(1637): CodeIgniter\Database\BaseConnection->query('SELECT *\nFROM `...', Array, false)
#4 C:\xampp\htdocs\ticket-system\app\Controllers\Superadmin.php(229): CodeIgniter\Database\BaseBuilder->get(10, 0)
#5 C:\xampp\htdocs\ticket-system\system\CodeIgniter.php(933): App\Controllers\Superadmin->fetchData()
#6 C:\xampp\htdocs\ticket-system\system\CodeIgniter.php(509): CodeIgniter\CodeIgniter->runController(Object(App\Controllers\Superadmin))
#7 C:\xampp\htdocs\ticket-system\system\CodeIgniter.php(355): CodeIgniter\CodeIgniter->handleRequest(NULL, Object(Config\Cache), false)
#8 C:\xampp\htdocs\ticket-system\system\Boot.php(325): CodeIgniter\CodeIgniter->run()
#9 C:\xampp\htdocs\ticket-system\system\Boot.php(67): CodeIgniter\Boot::runCodeIgniter(Object(CodeIgniter\CodeIgniter))
#10 C:\xampp\htdocs\ticket-system\index.php(56): CodeIgniter\Boot::bootWeb(Object(Config\Paths))
#11 {main}
CRITICAL - 2024-05-22 12:11:28 --> CodeIgniter\Database\Exceptions\DatabaseException: Unknown column 'dept' in 'where clause'
[Method: GET, Route: superadmin/fetchData]
in SYSTEMPATH\Database\BaseConnection.php on line 676.
 1 SYSTEMPATH\Database\BaseBuilder.php(1637): CodeIgniter\Database\BaseConnection->query('SELECT *
FROM `department`
WHERE   (
`dept` LIKE :dept: ESCAPE \'!\'
OR  `dept_username` LIKE :dept_username: ESCAPE \'!\'
 )
ORDER BY 1 DESC
 LIMIT 10', [...], false)
 2 APPPATH\Controllers\Superadmin.php(229): CodeIgniter\Database\BaseBuilder->get(10, 0)
 3 SYSTEMPATH\CodeIgniter.php(933): App\Controllers\Superadmin->fetchData()
 4 SYSTEMPATH\CodeIgniter.php(509): CodeIgniter\CodeIgniter->runController(Object(App\Controllers\Superadmin))
 5 SYSTEMPATH\CodeIgniter.php(355): CodeIgniter\CodeIgniter->handleRequest(null, Object(Config\Cache), false)
 6 SYSTEMPATH\Boot.php(325): CodeIgniter\CodeIgniter->run()
 7 SYSTEMPATH\Boot.php(67): CodeIgniter\Boot::runCodeIgniter(Object(CodeIgniter\CodeIgniter))
 8 FCPATH\index.php(56): CodeIgniter\Boot::bootWeb(Object(Config\Paths))
CRITICAL - 2024-05-22 12:11:28 --> [Caused by] CodeIgniter\Database\Exceptions\DatabaseException: Unknown column 'dept' in 'where clause'
in SYSTEMPATH\Database\MySQLi\Connection.php on line 315.
 1 SYSTEMPATH\Database\BaseConnection.php(722): CodeIgniter\Database\MySQLi\Connection->execute('SELECT *
FROM `department`
WHERE   (
`dept` LIKE \'%depart%\' ESCAPE \'!\'
OR  `dept_username` LIKE \'%depart%\' ESCAPE \'!\'
 )
ORDER BY 1 DESC
 LIMIT 10')
 2 SYSTEMPATH\Database\BaseConnection.php(636): CodeIgniter\Database\BaseConnection->simpleQuery('SELECT *
FROM `department`
WHERE   (
`dept` LIKE \'%depart%\' ESCAPE \'!\'
OR  `dept_username` LIKE \'%depart%\' ESCAPE \'!\'
 )
ORDER BY 1 DESC
 LIMIT 10')
 3 SYSTEMPATH\Database\BaseBuilder.php(1637): CodeIgniter\Database\BaseConnection->query('SELECT *
FROM `department`
WHERE   (
`dept` LIKE :dept: ESCAPE \'!\'
OR  `dept_username` LIKE :dept_username: ESCAPE \'!\'
 )
ORDER BY 1 DESC
 LIMIT 10', [...], false)
 4 APPPATH\Controllers\Superadmin.php(229): CodeIgniter\Database\BaseBuilder->get(10, 0)
 5 SYSTEMPATH\CodeIgniter.php(933): App\Controllers\Superadmin->fetchData()
 6 SYSTEMPATH\CodeIgniter.php(509): CodeIgniter\CodeIgniter->runController(Object(App\Controllers\Superadmin))
 7 SYSTEMPATH\CodeIgniter.php(355): CodeIgniter\CodeIgniter->handleRequest(null, Object(Config\Cache), false)
 8 SYSTEMPATH\Boot.php(325): CodeIgniter\CodeIgniter->run()
 9 SYSTEMPATH\Boot.php(67): CodeIgniter\Boot::runCodeIgniter(Object(CodeIgniter\CodeIgniter))
10 FCPATH\index.php(56): CodeIgniter\Boot::bootWeb(Object(Config\Paths))
CRITICAL - 2024-05-22 12:11:28 --> [Caused by] mysqli_sql_exception: Unknown column 'dept' in 'where clause'
in SYSTEMPATH\Database\MySQLi\Connection.php on line 310.
 1 SYSTEMPATH\Database\MySQLi\Connection.php(310): mysqli->query('SELECT *
FROM `department`
WHERE   (
`dept` LIKE \'%depart%\' ESCAPE \'!\'
OR  `dept_username` LIKE \'%depart%\' ESCAPE \'!\'
 )
ORDER BY 1 DESC
 LIMIT 10', 0)
 2 SYSTEMPATH\Database\BaseConnection.php(722): CodeIgniter\Database\MySQLi\Connection->execute('SELECT *
FROM `department`
WHERE   (
`dept` LIKE \'%depart%\' ESCAPE \'!\'
OR  `dept_username` LIKE \'%depart%\' ESCAPE \'!\'
 )
ORDER BY 1 DESC
 LIMIT 10')
 3 SYSTEMPATH\Database\BaseConnection.php(636): CodeIgniter\Database\BaseConnection->simpleQuery('SELECT *
FROM `department`
WHERE   (
`dept` LIKE \'%depart%\' ESCAPE \'!\'
OR  `dept_username` LIKE \'%depart%\' ESCAPE \'!\'
 )
ORDER BY 1 DESC
 LIMIT 10')
 4 SYSTEMPATH\Database\BaseBuilder.php(1637): CodeIgniter\Database\BaseConnection->query('SELECT *
FROM `department`
WHERE   (
`dept` LIKE :dept: ESCAPE \'!\'
OR  `dept_username` LIKE :dept_username: ESCAPE \'!\'
 )
ORDER BY 1 DESC
 LIMIT 10', [...], false)
 5 APPPATH\Controllers\Superadmin.php(229): CodeIgniter\Database\BaseBuilder->get(10, 0)
 6 SYSTEMPATH\CodeIgniter.php(933): App\Controllers\Superadmin->fetchData()
 7 SYSTEMPATH\CodeIgniter.php(509): CodeIgniter\CodeIgniter->runController(Object(App\Controllers\Superadmin))
 8 SYSTEMPATH\CodeIgniter.php(355): CodeIgniter\CodeIgniter->handleRequest(null, Object(Config\Cache), false)
 9 SYSTEMPATH\Boot.php(325): CodeIgniter\CodeIgniter->run()
10 SYSTEMPATH\Boot.php(67): CodeIgniter\Boot::runCodeIgniter(Object(CodeIgniter\CodeIgniter))
11 FCPATH\index.php(56): CodeIgniter\Boot::bootWeb(Object(Config\Paths))
ERROR - 2024-05-22 12:11:29 --> mysqli_sql_exception: Unknown column 'dept' in 'where clause' in C:\xampp\htdocs\ticket-system\system\Database\MySQLi\Connection.php:310
Stack trace:
#0 C:\xampp\htdocs\ticket-system\system\Database\MySQLi\Connection.php(310): mysqli->query('SELECT *\nFROM `...', 0)
#1 C:\xampp\htdocs\ticket-system\system\Database\BaseConnection.php(722): CodeIgniter\Database\MySQLi\Connection->execute('SELECT *\nFROM `...')
#2 C:\xampp\htdocs\ticket-system\system\Database\BaseConnection.php(636): CodeIgniter\Database\BaseConnection->simpleQuery('SELECT *\nFROM `...')
#3 C:\xampp\htdocs\ticket-system\system\Database\BaseBuilder.php(1637): CodeIgniter\Database\BaseConnection->query('SELECT *\nFROM `...', Array, false)
#4 C:\xampp\htdocs\ticket-system\app\Controllers\Superadmin.php(229): CodeIgniter\Database\BaseBuilder->get(10, 0)
#5 C:\xampp\htdocs\ticket-system\system\CodeIgniter.php(933): App\Controllers\Superadmin->fetchData()
#6 C:\xampp\htdocs\ticket-system\system\CodeIgniter.php(509): CodeIgniter\CodeIgniter->runController(Object(App\Controllers\Superadmin))
#7 C:\xampp\htdocs\ticket-system\system\CodeIgniter.php(355): CodeIgniter\CodeIgniter->handleRequest(NULL, Object(Config\Cache), false)
#8 C:\xampp\htdocs\ticket-system\system\Boot.php(325): CodeIgniter\CodeIgniter->run()
#9 C:\xampp\htdocs\ticket-system\system\Boot.php(67): CodeIgniter\Boot::runCodeIgniter(Object(CodeIgniter\CodeIgniter))
#10 C:\xampp\htdocs\ticket-system\index.php(56): CodeIgniter\Boot::bootWeb(Object(Config\Paths))
#11 {main}
CRITICAL - 2024-05-22 12:11:29 --> CodeIgniter\Database\Exceptions\DatabaseException: Unknown column 'dept' in 'where clause'
[Method: GET, Route: superadmin/fetchData]
in SYSTEMPATH\Database\BaseConnection.php on line 676.
 1 SYSTEMPATH\Database\BaseBuilder.php(1637): CodeIgniter\Database\BaseConnection->query('SELECT *
FROM `department`
WHERE   (
`dept` LIKE :dept: ESCAPE \'!\'
OR  `dept_username` LIKE :dept_username: ESCAPE \'!\'
 )
ORDER BY 1 DESC
 LIMIT 10', [...], false)
 2 APPPATH\Controllers\Superadmin.php(229): CodeIgniter\Database\BaseBuilder->get(10, 0)
 3 SYSTEMPATH\CodeIgniter.php(933): App\Controllers\Superadmin->fetchData()
 4 SYSTEMPATH\CodeIgniter.php(509): CodeIgniter\CodeIgniter->runController(Object(App\Controllers\Superadmin))
 5 SYSTEMPATH\CodeIgniter.php(355): CodeIgniter\CodeIgniter->handleRequest(null, Object(Config\Cache), false)
 6 SYSTEMPATH\Boot.php(325): CodeIgniter\CodeIgniter->run()
 7 SYSTEMPATH\Boot.php(67): CodeIgniter\Boot::runCodeIgniter(Object(CodeIgniter\CodeIgniter))
 8 FCPATH\index.php(56): CodeIgniter\Boot::bootWeb(Object(Config\Paths))
CRITICAL - 2024-05-22 12:11:29 --> [Caused by] CodeIgniter\Database\Exceptions\DatabaseException: Unknown column 'dept' in 'where clause'
in SYSTEMPATH\Database\MySQLi\Connection.php on line 315.
 1 SYSTEMPATH\Database\BaseConnection.php(722): CodeIgniter\Database\MySQLi\Connection->execute('SELECT *
FROM `department`
WHERE   (
`dept` LIKE \'%departm%\' ESCAPE \'!\'
OR  `dept_username` LIKE \'%departm%\' ESCAPE \'!\'
 )
ORDER BY 1 DESC
 LIMIT 10')
 2 SYSTEMPATH\Database\BaseConnection.php(636): CodeIgniter\Database\BaseConnection->simpleQuery('SELECT *
FROM `department`
WHERE   (
`dept` LIKE \'%departm%\' ESCAPE \'!\'
OR  `dept_username` LIKE \'%departm%\' ESCAPE \'!\'
 )
ORDER BY 1 DESC
 LIMIT 10')
 3 SYSTEMPATH\Database\BaseBuilder.php(1637): CodeIgniter\Database\BaseConnection->query('SELECT *
FROM `department`
WHERE   (
`dept` LIKE :dept: ESCAPE \'!\'
OR  `dept_username` LIKE :dept_username: ESCAPE \'!\'
 )
ORDER BY 1 DESC
 LIMIT 10', [...], false)
 4 APPPATH\Controllers\Superadmin.php(229): CodeIgniter\Database\BaseBuilder->get(10, 0)
 5 SYSTEMPATH\CodeIgniter.php(933): App\Controllers\Superadmin->fetchData()
 6 SYSTEMPATH\CodeIgniter.php(509): CodeIgniter\CodeIgniter->runController(Object(App\Controllers\Superadmin))
 7 SYSTEMPATH\CodeIgniter.php(355): CodeIgniter\CodeIgniter->handleRequest(null, Object(Config\Cache), false)
 8 SYSTEMPATH\Boot.php(325): CodeIgniter\CodeIgniter->run()
 9 SYSTEMPATH\Boot.php(67): CodeIgniter\Boot::runCodeIgniter(Object(CodeIgniter\CodeIgniter))
10 FCPATH\index.php(56): CodeIgniter\Boot::bootWeb(Object(Config\Paths))
CRITICAL - 2024-05-22 12:11:29 --> [Caused by] mysqli_sql_exception: Unknown column 'dept' in 'where clause'
in SYSTEMPATH\Database\MySQLi\Connection.php on line 310.
 1 SYSTEMPATH\Database\MySQLi\Connection.php(310): mysqli->query('SELECT *
FROM `department`
WHERE   (
`dept` LIKE \'%departm%\' ESCAPE \'!\'
OR  `dept_username` LIKE \'%departm%\' ESCAPE \'!\'
 )
ORDER BY 1 DESC
 LIMIT 10', 0)
 2 SYSTEMPATH\Database\BaseConnection.php(722): CodeIgniter\Database\MySQLi\Connection->execute('SELECT *
FROM `department`
WHERE   (
`dept` LIKE \'%departm%\' ESCAPE \'!\'
OR  `dept_username` LIKE \'%departm%\' ESCAPE \'!\'
 )
ORDER BY 1 DESC
 LIMIT 10')
 3 SYSTEMPATH\Database\BaseConnection.php(636): CodeIgniter\Database\BaseConnection->simpleQuery('SELECT *
FROM `department`
WHERE   (
`dept` LIKE \'%departm%\' ESCAPE \'!\'
OR  `dept_username` LIKE \'%departm%\' ESCAPE \'!\'
 )
ORDER BY 1 DESC
 LIMIT 10')
 4 SYSTEMPATH\Database\BaseBuilder.php(1637): CodeIgniter\Database\BaseConnection->query('SELECT *
FROM `department`
WHERE   (
`dept` LIKE :dept: ESCAPE \'!\'
OR  `dept_username` LIKE :dept_username: ESCAPE \'!\'
 )
ORDER BY 1 DESC
 LIMIT 10', [...], false)
 5 APPPATH\Controllers\Superadmin.php(229): CodeIgniter\Database\BaseBuilder->get(10, 0)
 6 SYSTEMPATH\CodeIgniter.php(933): App\Controllers\Superadmin->fetchData()
 7 SYSTEMPATH\CodeIgniter.php(509): CodeIgniter\CodeIgniter->runController(Object(App\Controllers\Superadmin))
 8 SYSTEMPATH\CodeIgniter.php(355): CodeIgniter\CodeIgniter->handleRequest(null, Object(Config\Cache), false)
 9 SYSTEMPATH\Boot.php(325): CodeIgniter\CodeIgniter->run()
10 SYSTEMPATH\Boot.php(67): CodeIgniter\Boot::runCodeIgniter(Object(CodeIgniter\CodeIgniter))
11 FCPATH\index.php(56): CodeIgniter\Boot::bootWeb(Object(Config\Paths))
ERROR - 2024-05-22 12:11:30 --> mysqli_sql_exception: Unknown column 'dept' in 'where clause' in C:\xampp\htdocs\ticket-system\system\Database\MySQLi\Connection.php:310
Stack trace:
#0 C:\xampp\htdocs\ticket-system\system\Database\MySQLi\Connection.php(310): mysqli->query('SELECT *\nFROM `...', 0)
#1 C:\xampp\htdocs\ticket-system\system\Database\BaseConnection.php(722): CodeIgniter\Database\MySQLi\Connection->execute('SELECT *\nFROM `...')
#2 C:\xampp\htdocs\ticket-system\system\Database\BaseConnection.php(636): CodeIgniter\Database\BaseConnection->simpleQuery('SELECT *\nFROM `...')
#3 C:\xampp\htdocs\ticket-system\system\Database\BaseBuilder.php(1637): CodeIgniter\Database\BaseConnection->query('SELECT *\nFROM `...', Array, false)
#4 C:\xampp\htdocs\ticket-system\app\Controllers\Superadmin.php(229): CodeIgniter\Database\BaseBuilder->get(10, 0)
#5 C:\xampp\htdocs\ticket-system\system\CodeIgniter.php(933): App\Controllers\Superadmin->fetchData()
#6 C:\xampp\htdocs\ticket-system\system\CodeIgniter.php(509): CodeIgniter\CodeIgniter->runController(Object(App\Controllers\Superadmin))
#7 C:\xampp\htdocs\ticket-system\system\CodeIgniter.php(355): CodeIgniter\CodeIgniter->handleRequest(NULL, Object(Config\Cache), false)
#8 C:\xampp\htdocs\ticket-system\system\Boot.php(325): CodeIgniter\CodeIgniter->run()
#9 C:\xampp\htdocs\ticket-system\system\Boot.php(67): CodeIgniter\Boot::runCodeIgniter(Object(CodeIgniter\CodeIgniter))
#10 C:\xampp\htdocs\ticket-system\index.php(56): CodeIgniter\Boot::bootWeb(Object(Config\Paths))
#11 {main}
CRITICAL - 2024-05-22 12:11:30 --> CodeIgniter\Database\Exceptions\DatabaseException: Unknown column 'dept' in 'where clause'
[Method: GET, Route: superadmin/fetchData]
in SYSTEMPATH\Database\BaseConnection.php on line 676.
 1 SYSTEMPATH\Database\BaseBuilder.php(1637): CodeIgniter\Database\BaseConnection->query('SELECT *
FROM `department`
WHERE   (
`dept` LIKE :dept: ESCAPE \'!\'
OR  `dept_username` LIKE :dept_username: ESCAPE \'!\'
 )
ORDER BY 1 DESC
 LIMIT 10', [...], false)
 2 APPPATH\Controllers\Superadmin.php(229): CodeIgniter\Database\BaseBuilder->get(10, 0)
 3 SYSTEMPATH\CodeIgniter.php(933): App\Controllers\Superadmin->fetchData()
 4 SYSTEMPATH\CodeIgniter.php(509): CodeIgniter\CodeIgniter->runController(Object(App\Controllers\Superadmin))
 5 SYSTEMPATH\CodeIgniter.php(355): CodeIgniter\CodeIgniter->handleRequest(null, Object(Config\Cache), false)
 6 SYSTEMPATH\Boot.php(325): CodeIgniter\CodeIgniter->run()
 7 SYSTEMPATH\Boot.php(67): CodeIgniter\Boot::runCodeIgniter(Object(CodeIgniter\CodeIgniter))
 8 FCPATH\index.php(56): CodeIgniter\Boot::bootWeb(Object(Config\Paths))
CRITICAL - 2024-05-22 12:11:30 --> [Caused by] CodeIgniter\Database\Exceptions\DatabaseException: Unknown column 'dept' in 'where clause'
in SYSTEMPATH\Database\MySQLi\Connection.php on line 315.
 1 SYSTEMPATH\Database\BaseConnection.php(722): CodeIgniter\Database\MySQLi\Connection->execute('SELECT *
FROM `department`
WHERE   (
`dept` LIKE \'%departmenr%\' ESCAPE \'!\'
OR  `dept_username` LIKE \'%departmenr%\' ESCAPE \'!\'
 )
ORDER BY 1 DESC
 LIMIT 10')
 2 SYSTEMPATH\Database\BaseConnection.php(636): CodeIgniter\Database\BaseConnection->simpleQuery('SELECT *
FROM `department`
WHERE   (
`dept` LIKE \'%departmenr%\' ESCAPE \'!\'
OR  `dept_username` LIKE \'%departmenr%\' ESCAPE \'!\'
 )
ORDER BY 1 DESC
 LIMIT 10')
 3 SYSTEMPATH\Database\BaseBuilder.php(1637): CodeIgniter\Database\BaseConnection->query('SELECT *
FROM `department`
WHERE   (
`dept` LIKE :dept: ESCAPE \'!\'
OR  `dept_username` LIKE :dept_username: ESCAPE \'!\'
 )
ORDER BY 1 DESC
 LIMIT 10', [...], false)
 4 APPPATH\Controllers\Superadmin.php(229): CodeIgniter\Database\BaseBuilder->get(10, 0)
 5 SYSTEMPATH\CodeIgniter.php(933): App\Controllers\Superadmin->fetchData()
 6 SYSTEMPATH\CodeIgniter.php(509): CodeIgniter\CodeIgniter->runController(Object(App\Controllers\Superadmin))
 7 SYSTEMPATH\CodeIgniter.php(355): CodeIgniter\CodeIgniter->handleRequest(null, Object(Config\Cache), false)
 8 SYSTEMPATH\Boot.php(325): CodeIgniter\CodeIgniter->run()
 9 SYSTEMPATH\Boot.php(67): CodeIgniter\Boot::runCodeIgniter(Object(CodeIgniter\CodeIgniter))
10 FCPATH\index.php(56): CodeIgniter\Boot::bootWeb(Object(Config\Paths))
CRITICAL - 2024-05-22 12:11:30 --> [Caused by] mysqli_sql_exception: Unknown column 'dept' in 'where clause'
in SYSTEMPATH\Database\MySQLi\Connection.php on line 310.
 1 SYSTEMPATH\Database\MySQLi\Connection.php(310): mysqli->query('SELECT *
FROM `department`
WHERE   (
`dept` LIKE \'%departmenr%\' ESCAPE \'!\'
OR  `dept_username` LIKE \'%departmenr%\' ESCAPE \'!\'
 )
ORDER BY 1 DESC
 LIMIT 10', 0)
 2 SYSTEMPATH\Database\BaseConnection.php(722): CodeIgniter\Database\MySQLi\Connection->execute('SELECT *
FROM `department`
WHERE   (
`dept` LIKE \'%departmenr%\' ESCAPE \'!\'
OR  `dept_username` LIKE \'%departmenr%\' ESCAPE \'!\'
 )
ORDER BY 1 DESC
 LIMIT 10')
 3 SYSTEMPATH\Database\BaseConnection.php(636): CodeIgniter\Database\BaseConnection->simpleQuery('SELECT *
FROM `department`
WHERE   (
`dept` LIKE \'%departmenr%\' ESCAPE \'!\'
OR  `dept_username` LIKE \'%departmenr%\' ESCAPE \'!\'
 )
ORDER BY 1 DESC
 LIMIT 10')
 4 SYSTEMPATH\Database\BaseBuilder.php(1637): CodeIgniter\Database\BaseConnection->query('SELECT *
FROM `department`
WHERE   (
`dept` LIKE :dept: ESCAPE \'!\'
OR  `dept_username` LIKE :dept_username: ESCAPE \'!\'
 )
ORDER BY 1 DESC
 LIMIT 10', [...], false)
 5 APPPATH\Controllers\Superadmin.php(229): CodeIgniter\Database\BaseBuilder->get(10, 0)
 6 SYSTEMPATH\CodeIgniter.php(933): App\Controllers\Superadmin->fetchData()
 7 SYSTEMPATH\CodeIgniter.php(509): CodeIgniter\CodeIgniter->runController(Object(App\Controllers\Superadmin))
 8 SYSTEMPATH\CodeIgniter.php(355): CodeIgniter\CodeIgniter->handleRequest(null, Object(Config\Cache), false)
 9 SYSTEMPATH\Boot.php(325): CodeIgniter\CodeIgniter->run()
10 SYSTEMPATH\Boot.php(67): CodeIgniter\Boot::runCodeIgniter(Object(CodeIgniter\CodeIgniter))
11 FCPATH\index.php(56): CodeIgniter\Boot::bootWeb(Object(Config\Paths))
ERROR - 2024-05-22 12:11:30 --> mysqli_sql_exception: Unknown column 'dept' in 'where clause' in C:\xampp\htdocs\ticket-system\system\Database\MySQLi\Connection.php:310
Stack trace:
#0 C:\xampp\htdocs\ticket-system\system\Database\MySQLi\Connection.php(310): mysqli->query('SELECT *\nFROM `...', 0)
#1 C:\xampp\htdocs\ticket-system\system\Database\BaseConnection.php(722): CodeIgniter\Database\MySQLi\Connection->execute('SELECT *\nFROM `...')
#2 C:\xampp\htdocs\ticket-system\system\Database\BaseConnection.php(636): CodeIgniter\Database\BaseConnection->simpleQuery('SELECT *\nFROM `...')
#3 C:\xampp\htdocs\ticket-system\system\Database\BaseBuilder.php(1637): CodeIgniter\Database\BaseConnection->query('SELECT *\nFROM `...', Array, false)
#4 C:\xampp\htdocs\ticket-system\app\Controllers\Superadmin.php(229): CodeIgniter\Database\BaseBuilder->get(10, 0)
#5 C:\xampp\htdocs\ticket-system\system\CodeIgniter.php(933): App\Controllers\Superadmin->fetchData()
#6 C:\xampp\htdocs\ticket-system\system\CodeIgniter.php(509): CodeIgniter\CodeIgniter->runController(Object(App\Controllers\Superadmin))
#7 C:\xampp\htdocs\ticket-system\system\CodeIgniter.php(355): CodeIgniter\CodeIgniter->handleRequest(NULL, Object(Config\Cache), false)
#8 C:\xampp\htdocs\ticket-system\system\Boot.php(325): CodeIgniter\CodeIgniter->run()
#9 C:\xampp\htdocs\ticket-system\system\Boot.php(67): CodeIgniter\Boot::runCodeIgniter(Object(CodeIgniter\CodeIgniter))
#10 C:\xampp\htdocs\ticket-system\index.php(56): CodeIgniter\Boot::bootWeb(Object(Config\Paths))
#11 {main}
CRITICAL - 2024-05-22 12:11:30 --> CodeIgniter\Database\Exceptions\DatabaseException: Unknown column 'dept' in 'where clause'
[Method: GET, Route: superadmin/fetchData]
in SYSTEMPATH\Database\BaseConnection.php on line 676.
 1 SYSTEMPATH\Database\BaseBuilder.php(1637): CodeIgniter\Database\BaseConnection->query('SELECT *
FROM `department`
WHERE   (
`dept` LIKE :dept: ESCAPE \'!\'
OR  `dept_username` LIKE :dept_username: ESCAPE \'!\'
 )
ORDER BY 1 DESC
 LIMIT 10', [...], false)
 2 APPPATH\Controllers\Superadmin.php(229): CodeIgniter\Database\BaseBuilder->get(10, 0)
 3 SYSTEMPATH\CodeIgniter.php(933): App\Controllers\Superadmin->fetchData()
 4 SYSTEMPATH\CodeIgniter.php(509): CodeIgniter\CodeIgniter->runController(Object(App\Controllers\Superadmin))
 5 SYSTEMPATH\CodeIgniter.php(355): CodeIgniter\CodeIgniter->handleRequest(null, Object(Config\Cache), false)
 6 SYSTEMPATH\Boot.php(325): CodeIgniter\CodeIgniter->run()
 7 SYSTEMPATH\Boot.php(67): CodeIgniter\Boot::runCodeIgniter(Object(CodeIgniter\CodeIgniter))
 8 FCPATH\index.php(56): CodeIgniter\Boot::bootWeb(Object(Config\Paths))
CRITICAL - 2024-05-22 12:11:30 --> [Caused by] CodeIgniter\Database\Exceptions\DatabaseException: Unknown column 'dept' in 'where clause'
in SYSTEMPATH\Database\MySQLi\Connection.php on line 315.
 1 SYSTEMPATH\Database\BaseConnection.php(722): CodeIgniter\Database\MySQLi\Connection->execute('SELECT *
FROM `department`
WHERE   (
`dept` LIKE \'%departmen%\' ESCAPE \'!\'
OR  `dept_username` LIKE \'%departmen%\' ESCAPE \'!\'
 )
ORDER BY 1 DESC
 LIMIT 10')
 2 SYSTEMPATH\Database\BaseConnection.php(636): CodeIgniter\Database\BaseConnection->simpleQuery('SELECT *
FROM `department`
WHERE   (
`dept` LIKE \'%departmen%\' ESCAPE \'!\'
OR  `dept_username` LIKE \'%departmen%\' ESCAPE \'!\'
 )
ORDER BY 1 DESC
 LIMIT 10')
 3 SYSTEMPATH\Database\BaseBuilder.php(1637): CodeIgniter\Database\BaseConnection->query('SELECT *
FROM `department`
WHERE   (
`dept` LIKE :dept: ESCAPE \'!\'
OR  `dept_username` LIKE :dept_username: ESCAPE \'!\'
 )
ORDER BY 1 DESC
 LIMIT 10', [...], false)
 4 APPPATH\Controllers\Superadmin.php(229): CodeIgniter\Database\BaseBuilder->get(10, 0)
 5 SYSTEMPATH\CodeIgniter.php(933): App\Controllers\Superadmin->fetchData()
 6 SYSTEMPATH\CodeIgniter.php(509): CodeIgniter\CodeIgniter->runController(Object(App\Controllers\Superadmin))
 7 SYSTEMPATH\CodeIgniter.php(355): CodeIgniter\CodeIgniter->handleRequest(null, Object(Config\Cache), false)
 8 SYSTEMPATH\Boot.php(325): CodeIgniter\CodeIgniter->run()
 9 SYSTEMPATH\Boot.php(67): CodeIgniter\Boot::runCodeIgniter(Object(CodeIgniter\CodeIgniter))
10 FCPATH\index.php(56): CodeIgniter\Boot::bootWeb(Object(Config\Paths))
CRITICAL - 2024-05-22 12:11:30 --> [Caused by] mysqli_sql_exception: Unknown column 'dept' in 'where clause'
in SYSTEMPATH\Database\MySQLi\Connection.php on line 310.
 1 SYSTEMPATH\Database\MySQLi\Connection.php(310): mysqli->query('SELECT *
FROM `department`
WHERE   (
`dept` LIKE \'%departmen%\' ESCAPE \'!\'
OR  `dept_username` LIKE \'%departmen%\' ESCAPE \'!\'
 )
ORDER BY 1 DESC
 LIMIT 10', 0)
 2 SYSTEMPATH\Database\BaseConnection.php(722): CodeIgniter\Database\MySQLi\Connection->execute('SELECT *
FROM `department`
WHERE   (
`dept` LIKE \'%departmen%\' ESCAPE \'!\'
OR  `dept_username` LIKE \'%departmen%\' ESCAPE \'!\'
 )
ORDER BY 1 DESC
 LIMIT 10')
 3 SYSTEMPATH\Database\BaseConnection.php(636): CodeIgniter\Database\BaseConnection->simpleQuery('SELECT *
FROM `department`
WHERE   (
`dept` LIKE \'%departmen%\' ESCAPE \'!\'
OR  `dept_username` LIKE \'%departmen%\' ESCAPE \'!\'
 )
ORDER BY 1 DESC
 LIMIT 10')
 4 SYSTEMPATH\Database\BaseBuilder.php(1637): CodeIgniter\Database\BaseConnection->query('SELECT *
FROM `department`
WHERE   (
`dept` LIKE :dept: ESCAPE \'!\'
OR  `dept_username` LIKE :dept_username: ESCAPE \'!\'
 )
ORDER BY 1 DESC
 LIMIT 10', [...], false)
 5 APPPATH\Controllers\Superadmin.php(229): CodeIgniter\Database\BaseBuilder->get(10, 0)
 6 SYSTEMPATH\CodeIgniter.php(933): App\Controllers\Superadmin->fetchData()
 7 SYSTEMPATH\CodeIgniter.php(509): CodeIgniter\CodeIgniter->runController(Object(App\Controllers\Superadmin))
 8 SYSTEMPATH\CodeIgniter.php(355): CodeIgniter\CodeIgniter->handleRequest(null, Object(Config\Cache), false)
 9 SYSTEMPATH\Boot.php(325): CodeIgniter\CodeIgniter->run()
10 SYSTEMPATH\Boot.php(67): CodeIgniter\Boot::runCodeIgniter(Object(CodeIgniter\CodeIgniter))
11 FCPATH\index.php(56): CodeIgniter\Boot::bootWeb(Object(Config\Paths))
ERROR - 2024-05-22 12:11:31 --> mysqli_sql_exception: Unknown column 'dept' in 'where clause' in C:\xampp\htdocs\ticket-system\system\Database\MySQLi\Connection.php:310
Stack trace:
#0 C:\xampp\htdocs\ticket-system\system\Database\MySQLi\Connection.php(310): mysqli->query('SELECT *\nFROM `...', 0)
#1 C:\xampp\htdocs\ticket-system\system\Database\BaseConnection.php(722): CodeIgniter\Database\MySQLi\Connection->execute('SELECT *\nFROM `...')
#2 C:\xampp\htdocs\ticket-system\system\Database\BaseConnection.php(636): CodeIgniter\Database\BaseConnection->simpleQuery('SELECT *\nFROM `...')
#3 C:\xampp\htdocs\ticket-system\system\Database\BaseBuilder.php(1637): CodeIgniter\Database\BaseConnection->query('SELECT *\nFROM `...', Array, false)
#4 C:\xampp\htdocs\ticket-system\app\Controllers\Superadmin.php(229): CodeIgniter\Database\BaseBuilder->get(10, 0)
#5 C:\xampp\htdocs\ticket-system\system\CodeIgniter.php(933): App\Controllers\Superadmin->fetchData()
#6 C:\xampp\htdocs\ticket-system\system\CodeIgniter.php(509): CodeIgniter\CodeIgniter->runController(Object(App\Controllers\Superadmin))
#7 C:\xampp\htdocs\ticket-system\system\CodeIgniter.php(355): CodeIgniter\CodeIgniter->handleRequest(NULL, Object(Config\Cache), false)
#8 C:\xampp\htdocs\ticket-system\system\Boot.php(325): CodeIgniter\CodeIgniter->run()
#9 C:\xampp\htdocs\ticket-system\system\Boot.php(67): CodeIgniter\Boot::runCodeIgniter(Object(CodeIgniter\CodeIgniter))
#10 C:\xampp\htdocs\ticket-system\index.php(56): CodeIgniter\Boot::bootWeb(Object(Config\Paths))
#11 {main}
CRITICAL - 2024-05-22 12:11:31 --> CodeIgniter\Database\Exceptions\DatabaseException: Unknown column 'dept' in 'where clause'
[Method: GET, Route: superadmin/fetchData]
in SYSTEMPATH\Database\BaseConnection.php on line 676.
 1 SYSTEMPATH\Database\BaseBuilder.php(1637): CodeIgniter\Database\BaseConnection->query('SELECT *
FROM `department`
WHERE   (
`dept` LIKE :dept: ESCAPE \'!\'
OR  `dept_username` LIKE :dept_username: ESCAPE \'!\'
 )
ORDER BY 1 DESC
 LIMIT 10', [...], false)
 2 APPPATH\Controllers\Superadmin.php(229): CodeIgniter\Database\BaseBuilder->get(10, 0)
 3 SYSTEMPATH\CodeIgniter.php(933): App\Controllers\Superadmin->fetchData()
 4 SYSTEMPATH\CodeIgniter.php(509): CodeIgniter\CodeIgniter->runController(Object(App\Controllers\Superadmin))
 5 SYSTEMPATH\CodeIgniter.php(355): CodeIgniter\CodeIgniter->handleRequest(null, Object(Config\Cache), false)
 6 SYSTEMPATH\Boot.php(325): CodeIgniter\CodeIgniter->run()
 7 SYSTEMPATH\Boot.php(67): CodeIgniter\Boot::runCodeIgniter(Object(CodeIgniter\CodeIgniter))
 8 FCPATH\index.php(56): CodeIgniter\Boot::bootWeb(Object(Config\Paths))
CRITICAL - 2024-05-22 12:11:31 --> [Caused by] CodeIgniter\Database\Exceptions\DatabaseException: Unknown column 'dept' in 'where clause'
in SYSTEMPATH\Database\MySQLi\Connection.php on line 315.
 1 SYSTEMPATH\Database\BaseConnection.php(722): CodeIgniter\Database\MySQLi\Connection->execute('SELECT *
FROM `department`
WHERE   (
`dept` LIKE \'%department%\' ESCAPE \'!\'
OR  `dept_username` LIKE \'%department%\' ESCAPE \'!\'
 )
ORDER BY 1 DESC
 LIMIT 10')
 2 SYSTEMPATH\Database\BaseConnection.php(636): CodeIgniter\Database\BaseConnection->simpleQuery('SELECT *
FROM `department`
WHERE   (
`dept` LIKE \'%department%\' ESCAPE \'!\'
OR  `dept_username` LIKE \'%department%\' ESCAPE \'!\'
 )
ORDER BY 1 DESC
 LIMIT 10')
 3 SYSTEMPATH\Database\BaseBuilder.php(1637): CodeIgniter\Database\BaseConnection->query('SELECT *
FROM `department`
WHERE   (
`dept` LIKE :dept: ESCAPE \'!\'
OR  `dept_username` LIKE :dept_username: ESCAPE \'!\'
 )
ORDER BY 1 DESC
 LIMIT 10', [...], false)
 4 APPPATH\Controllers\Superadmin.php(229): CodeIgniter\Database\BaseBuilder->get(10, 0)
 5 SYSTEMPATH\CodeIgniter.php(933): App\Controllers\Superadmin->fetchData()
 6 SYSTEMPATH\CodeIgniter.php(509): CodeIgniter\CodeIgniter->runController(Object(App\Controllers\Superadmin))
 7 SYSTEMPATH\CodeIgniter.php(355): CodeIgniter\CodeIgniter->handleRequest(null, Object(Config\Cache), false)
 8 SYSTEMPATH\Boot.php(325): CodeIgniter\CodeIgniter->run()
 9 SYSTEMPATH\Boot.php(67): CodeIgniter\Boot::runCodeIgniter(Object(CodeIgniter\CodeIgniter))
10 FCPATH\index.php(56): CodeIgniter\Boot::bootWeb(Object(Config\Paths))
CRITICAL - 2024-05-22 12:11:31 --> [Caused by] mysqli_sql_exception: Unknown column 'dept' in 'where clause'
in SYSTEMPATH\Database\MySQLi\Connection.php on line 310.
 1 SYSTEMPATH\Database\MySQLi\Connection.php(310): mysqli->query('SELECT *
FROM `department`
WHERE   (
`dept` LIKE \'%department%\' ESCAPE \'!\'
OR  `dept_username` LIKE \'%department%\' ESCAPE \'!\'
 )
ORDER BY 1 DESC
 LIMIT 10', 0)
 2 SYSTEMPATH\Database\BaseConnection.php(722): CodeIgniter\Database\MySQLi\Connection->execute('SELECT *
FROM `department`
WHERE   (
`dept` LIKE \'%department%\' ESCAPE \'!\'
OR  `dept_username` LIKE \'%department%\' ESCAPE \'!\'
 )
ORDER BY 1 DESC
 LIMIT 10')
 3 SYSTEMPATH\Database\BaseConnection.php(636): CodeIgniter\Database\BaseConnection->simpleQuery('SELECT *
FROM `department`
WHERE   (
`dept` LIKE \'%department%\' ESCAPE \'!\'
OR  `dept_username` LIKE \'%department%\' ESCAPE \'!\'
 )
ORDER BY 1 DESC
 LIMIT 10')
 4 SYSTEMPATH\Database\BaseBuilder.php(1637): CodeIgniter\Database\BaseConnection->query('SELECT *
FROM `department`
WHERE   (
`dept` LIKE :dept: ESCAPE \'!\'
OR  `dept_username` LIKE :dept_username: ESCAPE \'!\'
 )
ORDER BY 1 DESC
 LIMIT 10', [...], false)
 5 APPPATH\Controllers\Superadmin.php(229): CodeIgniter\Database\BaseBuilder->get(10, 0)
 6 SYSTEMPATH\CodeIgniter.php(933): App\Controllers\Superadmin->fetchData()
 7 SYSTEMPATH\CodeIgniter.php(509): CodeIgniter\CodeIgniter->runController(Object(App\Controllers\Superadmin))
 8 SYSTEMPATH\CodeIgniter.php(355): CodeIgniter\CodeIgniter->handleRequest(null, Object(Config\Cache), false)
 9 SYSTEMPATH\Boot.php(325): CodeIgniter\CodeIgniter->run()
10 SYSTEMPATH\Boot.php(67): CodeIgniter\Boot::runCodeIgniter(Object(CodeIgniter\CodeIgniter))
11 FCPATH\index.php(56): CodeIgniter\Boot::bootWeb(Object(Config\Paths))
ERROR - 2024-05-22 12:11:36 --> mysqli_sql_exception: Unknown column 'dept' in 'where clause' in C:\xampp\htdocs\ticket-system\system\Database\MySQLi\Connection.php:310
Stack trace:
#0 C:\xampp\htdocs\ticket-system\system\Database\MySQLi\Connection.php(310): mysqli->query('SELECT *\nFROM `...', 0)
#1 C:\xampp\htdocs\ticket-system\system\Database\BaseConnection.php(722): CodeIgniter\Database\MySQLi\Connection->execute('SELECT *\nFROM `...')
#2 C:\xampp\htdocs\ticket-system\system\Database\BaseConnection.php(636): CodeIgniter\Database\BaseConnection->simpleQuery('SELECT *\nFROM `...')
#3 C:\xampp\htdocs\ticket-system\system\Database\BaseBuilder.php(1637): CodeIgniter\Database\BaseConnection->query('SELECT *\nFROM `...', Array, false)
#4 C:\xampp\htdocs\ticket-system\app\Controllers\Superadmin.php(229): CodeIgniter\Database\BaseBuilder->get(10, 0)
#5 C:\xampp\htdocs\ticket-system\system\CodeIgniter.php(933): App\Controllers\Superadmin->fetchData()
#6 C:\xampp\htdocs\ticket-system\system\CodeIgniter.php(509): CodeIgniter\CodeIgniter->runController(Object(App\Controllers\Superadmin))
#7 C:\xampp\htdocs\ticket-system\system\CodeIgniter.php(355): CodeIgniter\CodeIgniter->handleRequest(NULL, Object(Config\Cache), false)
#8 C:\xampp\htdocs\ticket-system\system\Boot.php(325): CodeIgniter\CodeIgniter->run()
#9 C:\xampp\htdocs\ticket-system\system\Boot.php(67): CodeIgniter\Boot::runCodeIgniter(Object(CodeIgniter\CodeIgniter))
#10 C:\xampp\htdocs\ticket-system\index.php(56): CodeIgniter\Boot::bootWeb(Object(Config\Paths))
#11 {main}
CRITICAL - 2024-05-22 12:11:36 --> CodeIgniter\Database\Exceptions\DatabaseException: Unknown column 'dept' in 'where clause'
[Method: GET, Route: superadmin/fetchData]
in SYSTEMPATH\Database\BaseConnection.php on line 676.
 1 SYSTEMPATH\Database\BaseBuilder.php(1637): CodeIgniter\Database\BaseConnection->query('SELECT *
FROM `department`
WHERE   (
`dept` LIKE :dept: ESCAPE \'!\'
OR  `dept_username` LIKE :dept_username: ESCAPE \'!\'
 )
ORDER BY 1 DESC
 LIMIT 10', [...], false)
 2 APPPATH\Controllers\Superadmin.php(229): CodeIgniter\Database\BaseBuilder->get(10, 0)
 3 SYSTEMPATH\CodeIgniter.php(933): App\Controllers\Superadmin->fetchData()
 4 SYSTEMPATH\CodeIgniter.php(509): CodeIgniter\CodeIgniter->runController(Object(App\Controllers\Superadmin))
 5 SYSTEMPATH\CodeIgniter.php(355): CodeIgniter\CodeIgniter->handleRequest(null, Object(Config\Cache), false)
 6 SYSTEMPATH\Boot.php(325): CodeIgniter\CodeIgniter->run()
 7 SYSTEMPATH\Boot.php(67): CodeIgniter\Boot::runCodeIgniter(Object(CodeIgniter\CodeIgniter))
 8 FCPATH\index.php(56): CodeIgniter\Boot::bootWeb(Object(Config\Paths))
CRITICAL - 2024-05-22 12:11:36 --> [Caused by] CodeIgniter\Database\Exceptions\DatabaseException: Unknown column 'dept' in 'where clause'
in SYSTEMPATH\Database\MySQLi\Connection.php on line 315.
 1 SYSTEMPATH\Database\BaseConnection.php(722): CodeIgniter\Database\MySQLi\Connection->execute('SELECT *
FROM `department`
WHERE   (
`dept` LIKE \'%departmen%\' ESCAPE \'!\'
OR  `dept_username` LIKE \'%departmen%\' ESCAPE \'!\'
 )
ORDER BY 1 DESC
 LIMIT 10')
 2 SYSTEMPATH\Database\BaseConnection.php(636): CodeIgniter\Database\BaseConnection->simpleQuery('SELECT *
FROM `department`
WHERE   (
`dept` LIKE \'%departmen%\' ESCAPE \'!\'
OR  `dept_username` LIKE \'%departmen%\' ESCAPE \'!\'
 )
ORDER BY 1 DESC
 LIMIT 10')
 3 SYSTEMPATH\Database\BaseBuilder.php(1637): CodeIgniter\Database\BaseConnection->query('SELECT *
FROM `department`
WHERE   (
`dept` LIKE :dept: ESCAPE \'!\'
OR  `dept_username` LIKE :dept_username: ESCAPE \'!\'
 )
ORDER BY 1 DESC
 LIMIT 10', [...], false)
 4 APPPATH\Controllers\Superadmin.php(229): CodeIgniter\Database\BaseBuilder->get(10, 0)
 5 SYSTEMPATH\CodeIgniter.php(933): App\Controllers\Superadmin->fetchData()
 6 SYSTEMPATH\CodeIgniter.php(509): CodeIgniter\CodeIgniter->runController(Object(App\Controllers\Superadmin))
 7 SYSTEMPATH\CodeIgniter.php(355): CodeIgniter\CodeIgniter->handleRequest(null, Object(Config\Cache), false)
 8 SYSTEMPATH\Boot.php(325): CodeIgniter\CodeIgniter->run()
 9 SYSTEMPATH\Boot.php(67): CodeIgniter\Boot::runCodeIgniter(Object(CodeIgniter\CodeIgniter))
10 FCPATH\index.php(56): CodeIgniter\Boot::bootWeb(Object(Config\Paths))
CRITICAL - 2024-05-22 12:11:36 --> [Caused by] mysqli_sql_exception: Unknown column 'dept' in 'where clause'
in SYSTEMPATH\Database\MySQLi\Connection.php on line 310.
 1 SYSTEMPATH\Database\MySQLi\Connection.php(310): mysqli->query('SELECT *
FROM `department`
WHERE   (
`dept` LIKE \'%departmen%\' ESCAPE \'!\'
OR  `dept_username` LIKE \'%departmen%\' ESCAPE \'!\'
 )
ORDER BY 1 DESC
 LIMIT 10', 0)
 2 SYSTEMPATH\Database\BaseConnection.php(722): CodeIgniter\Database\MySQLi\Connection->execute('SELECT *
FROM `department`
WHERE   (
`dept` LIKE \'%departmen%\' ESCAPE \'!\'
OR  `dept_username` LIKE \'%departmen%\' ESCAPE \'!\'
 )
ORDER BY 1 DESC
 LIMIT 10')
 3 SYSTEMPATH\Database\BaseConnection.php(636): CodeIgniter\Database\BaseConnection->simpleQuery('SELECT *
FROM `department`
WHERE   (
`dept` LIKE \'%departmen%\' ESCAPE \'!\'
OR  `dept_username` LIKE \'%departmen%\' ESCAPE \'!\'
 )
ORDER BY 1 DESC
 LIMIT 10')
 4 SYSTEMPATH\Database\BaseBuilder.php(1637): CodeIgniter\Database\BaseConnection->query('SELECT *
FROM `department`
WHERE   (
`dept` LIKE :dept: ESCAPE \'!\'
OR  `dept_username` LIKE :dept_username: ESCAPE \'!\'
 )
ORDER BY 1 DESC
 LIMIT 10', [...], false)
 5 APPPATH\Controllers\Superadmin.php(229): CodeIgniter\Database\BaseBuilder->get(10, 0)
 6 SYSTEMPATH\CodeIgniter.php(933): App\Controllers\Superadmin->fetchData()
 7 SYSTEMPATH\CodeIgniter.php(509): CodeIgniter\CodeIgniter->runController(Object(App\Controllers\Superadmin))
 8 SYSTEMPATH\CodeIgniter.php(355): CodeIgniter\CodeIgniter->handleRequest(null, Object(Config\Cache), false)
 9 SYSTEMPATH\Boot.php(325): CodeIgniter\CodeIgniter->run()
10 SYSTEMPATH\Boot.php(67): CodeIgniter\Boot::runCodeIgniter(Object(CodeIgniter\CodeIgniter))
11 FCPATH\index.php(56): CodeIgniter\Boot::bootWeb(Object(Config\Paths))
ERROR - 2024-05-22 12:11:36 --> mysqli_sql_exception: Unknown column 'dept' in 'where clause' in C:\xampp\htdocs\ticket-system\system\Database\MySQLi\Connection.php:310
Stack trace:
#0 C:\xampp\htdocs\ticket-system\system\Database\MySQLi\Connection.php(310): mysqli->query('SELECT *\nFROM `...', 0)
#1 C:\xampp\htdocs\ticket-system\system\Database\BaseConnection.php(722): CodeIgniter\Database\MySQLi\Connection->execute('SELECT *\nFROM `...')
#2 C:\xampp\htdocs\ticket-system\system\Database\BaseConnection.php(636): CodeIgniter\Database\BaseConnection->simpleQuery('SELECT *\nFROM `...')
#3 C:\xampp\htdocs\ticket-system\system\Database\BaseBuilder.php(1637): CodeIgniter\Database\BaseConnection->query('SELECT *\nFROM `...', Array, false)
#4 C:\xampp\htdocs\ticket-system\app\Controllers\Superadmin.php(229): CodeIgniter\Database\BaseBuilder->get(10, 0)
#5 C:\xampp\htdocs\ticket-system\system\CodeIgniter.php(933): App\Controllers\Superadmin->fetchData()
#6 C:\xampp\htdocs\ticket-system\system\CodeIgniter.php(509): CodeIgniter\CodeIgniter->runController(Object(App\Controllers\Superadmin))
#7 C:\xampp\htdocs\ticket-system\system\CodeIgniter.php(355): CodeIgniter\CodeIgniter->handleRequest(NULL, Object(Config\Cache), false)
#8 C:\xampp\htdocs\ticket-system\system\Boot.php(325): CodeIgniter\CodeIgniter->run()
#9 C:\xampp\htdocs\ticket-system\system\Boot.php(67): CodeIgniter\Boot::runCodeIgniter(Object(CodeIgniter\CodeIgniter))
#10 C:\xampp\htdocs\ticket-system\index.php(56): CodeIgniter\Boot::bootWeb(Object(Config\Paths))
#11 {main}
CRITICAL - 2024-05-22 12:11:36 --> CodeIgniter\Database\Exceptions\DatabaseException: Unknown column 'dept' in 'where clause'
[Method: GET, Route: superadmin/fetchData]
in SYSTEMPATH\Database\BaseConnection.php on line 676.
 1 SYSTEMPATH\Database\BaseBuilder.php(1637): CodeIgniter\Database\BaseConnection->query('SELECT *
FROM `department`
WHERE   (
`dept` LIKE :dept: ESCAPE \'!\'
OR  `dept_username` LIKE :dept_username: ESCAPE \'!\'
 )
ORDER BY 1 DESC
 LIMIT 10', [...], false)
 2 APPPATH\Controllers\Superadmin.php(229): CodeIgniter\Database\BaseBuilder->get(10, 0)
 3 SYSTEMPATH\CodeIgniter.php(933): App\Controllers\Superadmin->fetchData()
 4 SYSTEMPATH\CodeIgniter.php(509): CodeIgniter\CodeIgniter->runController(Object(App\Controllers\Superadmin))
 5 SYSTEMPATH\CodeIgniter.php(355): CodeIgniter\CodeIgniter->handleRequest(null, Object(Config\Cache), false)
 6 SYSTEMPATH\Boot.php(325): CodeIgniter\CodeIgniter->run()
 7 SYSTEMPATH\Boot.php(67): CodeIgniter\Boot::runCodeIgniter(Object(CodeIgniter\CodeIgniter))
 8 FCPATH\index.php(56): CodeIgniter\Boot::bootWeb(Object(Config\Paths))
CRITICAL - 2024-05-22 12:11:36 --> [Caused by] CodeIgniter\Database\Exceptions\DatabaseException: Unknown column 'dept' in 'where clause'
in SYSTEMPATH\Database\MySQLi\Connection.php on line 315.
 1 SYSTEMPATH\Database\BaseConnection.php(722): CodeIgniter\Database\MySQLi\Connection->execute('SELECT *
FROM `department`
WHERE   (
`dept` LIKE \'%departme%\' ESCAPE \'!\'
OR  `dept_username` LIKE \'%departme%\' ESCAPE \'!\'
 )
ORDER BY 1 DESC
 LIMIT 10')
 2 SYSTEMPATH\Database\BaseConnection.php(636): CodeIgniter\Database\BaseConnection->simpleQuery('SELECT *
FROM `department`
WHERE   (
`dept` LIKE \'%departme%\' ESCAPE \'!\'
OR  `dept_username` LIKE \'%departme%\' ESCAPE \'!\'
 )
ORDER BY 1 DESC
 LIMIT 10')
 3 SYSTEMPATH\Database\BaseBuilder.php(1637): CodeIgniter\Database\BaseConnection->query('SELECT *
FROM `department`
WHERE   (
`dept` LIKE :dept: ESCAPE \'!\'
OR  `dept_username` LIKE :dept_username: ESCAPE \'!\'
 )
ORDER BY 1 DESC
 LIMIT 10', [...], false)
 4 APPPATH\Controllers\Superadmin.php(229): CodeIgniter\Database\BaseBuilder->get(10, 0)
 5 SYSTEMPATH\CodeIgniter.php(933): App\Controllers\Superadmin->fetchData()
 6 SYSTEMPATH\CodeIgniter.php(509): CodeIgniter\CodeIgniter->runController(Object(App\Controllers\Superadmin))
 7 SYSTEMPATH\CodeIgniter.php(355): CodeIgniter\CodeIgniter->handleRequest(null, Object(Config\Cache), false)
 8 SYSTEMPATH\Boot.php(325): CodeIgniter\CodeIgniter->run()
 9 SYSTEMPATH\Boot.php(67): CodeIgniter\Boot::runCodeIgniter(Object(CodeIgniter\CodeIgniter))
10 FCPATH\index.php(56): CodeIgniter\Boot::bootWeb(Object(Config\Paths))
CRITICAL - 2024-05-22 12:11:36 --> [Caused by] mysqli_sql_exception: Unknown column 'dept' in 'where clause'
in SYSTEMPATH\Database\MySQLi\Connection.php on line 310.
 1 SYSTEMPATH\Database\MySQLi\Connection.php(310): mysqli->query('SELECT *
FROM `department`
WHERE   (
`dept` LIKE \'%departme%\' ESCAPE \'!\'
OR  `dept_username` LIKE \'%departme%\' ESCAPE \'!\'
 )
ORDER BY 1 DESC
 LIMIT 10', 0)
 2 SYSTEMPATH\Database\BaseConnection.php(722): CodeIgniter\Database\MySQLi\Connection->execute('SELECT *
FROM `department`
WHERE   (
`dept` LIKE \'%departme%\' ESCAPE \'!\'
OR  `dept_username` LIKE \'%departme%\' ESCAPE \'!\'
 )
ORDER BY 1 DESC
 LIMIT 10')
 3 SYSTEMPATH\Database\BaseConnection.php(636): CodeIgniter\Database\BaseConnection->simpleQuery('SELECT *
FROM `department`
WHERE   (
`dept` LIKE \'%departme%\' ESCAPE \'!\'
OR  `dept_username` LIKE \'%departme%\' ESCAPE \'!\'
 )
ORDER BY 1 DESC
 LIMIT 10')
 4 SYSTEMPATH\Database\BaseBuilder.php(1637): CodeIgniter\Database\BaseConnection->query('SELECT *
FROM `department`
WHERE   (
`dept` LIKE :dept: ESCAPE \'!\'
OR  `dept_username` LIKE :dept_username: ESCAPE \'!\'
 )
ORDER BY 1 DESC
 LIMIT 10', [...], false)
 5 APPPATH\Controllers\Superadmin.php(229): CodeIgniter\Database\BaseBuilder->get(10, 0)
 6 SYSTEMPATH\CodeIgniter.php(933): App\Controllers\Superadmin->fetchData()
 7 SYSTEMPATH\CodeIgniter.php(509): CodeIgniter\CodeIgniter->runController(Object(App\Controllers\Superadmin))
 8 SYSTEMPATH\CodeIgniter.php(355): CodeIgniter\CodeIgniter->handleRequest(null, Object(Config\Cache), false)
 9 SYSTEMPATH\Boot.php(325): CodeIgniter\CodeIgniter->run()
10 SYSTEMPATH\Boot.php(67): CodeIgniter\Boot::runCodeIgniter(Object(CodeIgniter\CodeIgniter))
11 FCPATH\index.php(56): CodeIgniter\Boot::bootWeb(Object(Config\Paths))
CRITICAL - 2024-05-22 12:19:12 --> ArgumentCountError: Too few arguments to function App\Models\GeneralModel::countFilteredData(), 1 passed in C:\xampp\htdocs\ticket-system\app\Controllers\Superadmin.php on line 171 and exactly 2 expected
[Method: GET, Route: superadmin/fetchData]
in APPPATH\Models\GeneralModel.php on line 30.
 1 APPPATH\Controllers\Superadmin.php(171): App\Models\GeneralModel->countFilteredData('')
 2 SYSTEMPATH\CodeIgniter.php(933): App\Controllers\Superadmin->fetchData()
 3 SYSTEMPATH\CodeIgniter.php(509): CodeIgniter\CodeIgniter->runController(Object(App\Controllers\Superadmin))
 4 SYSTEMPATH\CodeIgniter.php(355): CodeIgniter\CodeIgniter->handleRequest(null, Object(Config\Cache), false)
 5 SYSTEMPATH\Boot.php(325): CodeIgniter\CodeIgniter->run()
 6 SYSTEMPATH\Boot.php(67): CodeIgniter\Boot::runCodeIgniter(Object(CodeIgniter\CodeIgniter))
 7 FCPATH\index.php(56): CodeIgniter\Boot::bootWeb(Object(Config\Paths))
CRITICAL - 2024-05-22 12:19:21 --> ArgumentCountError: Too few arguments to function App\Models\GeneralModel::countFilteredData(), 1 passed in C:\xampp\htdocs\ticket-system\app\Controllers\Superadmin.php on line 171 and exactly 2 expected
[Method: GET, Route: superadmin/fetchData]
in APPPATH\Models\GeneralModel.php on line 30.
 1 APPPATH\Controllers\Superadmin.php(171): App\Models\GeneralModel->countFilteredData('')
 2 SYSTEMPATH\CodeIgniter.php(933): App\Controllers\Superadmin->fetchData()
 3 SYSTEMPATH\CodeIgniter.php(509): CodeIgniter\CodeIgniter->runController(Object(App\Controllers\Superadmin))
 4 SYSTEMPATH\CodeIgniter.php(355): CodeIgniter\CodeIgniter->handleRequest(null, Object(Config\Cache), false)
 5 SYSTEMPATH\Boot.php(325): CodeIgniter\CodeIgniter->run()
 6 SYSTEMPATH\Boot.php(67): CodeIgniter\Boot::runCodeIgniter(Object(CodeIgniter\CodeIgniter))
 7 FCPATH\index.php(56): CodeIgniter\Boot::bootWeb(Object(Config\Paths))
ERROR - 2024-05-22 12:19:45 --> mysqli_sql_exception: Unknown column 'dept' in 'where clause' in C:\xampp\htdocs\ticket-system\system\Database\MySQLi\Connection.php:310
Stack trace:
#0 C:\xampp\htdocs\ticket-system\system\Database\MySQLi\Connection.php(310): mysqli->query('SELECT *\nFROM `...', 0)
#1 C:\xampp\htdocs\ticket-system\system\Database\BaseConnection.php(722): CodeIgniter\Database\MySQLi\Connection->execute('SELECT *\nFROM `...')
#2 C:\xampp\htdocs\ticket-system\system\Database\BaseConnection.php(636): CodeIgniter\Database\BaseConnection->simpleQuery('SELECT *\nFROM `...')
#3 C:\xampp\htdocs\ticket-system\system\Database\BaseBuilder.php(1637): CodeIgniter\Database\BaseConnection->query('SELECT *\nFROM `...', Array, false)
#4 C:\xampp\htdocs\ticket-system\app\Controllers\Superadmin.php(167): CodeIgniter\Database\BaseBuilder->get(10, 0)
#5 C:\xampp\htdocs\ticket-system\system\CodeIgniter.php(933): App\Controllers\Superadmin->fetchData()
#6 C:\xampp\htdocs\ticket-system\system\CodeIgniter.php(509): CodeIgniter\CodeIgniter->runController(Object(App\Controllers\Superadmin))
#7 C:\xampp\htdocs\ticket-system\system\CodeIgniter.php(355): CodeIgniter\CodeIgniter->handleRequest(NULL, Object(Config\Cache), false)
#8 C:\xampp\htdocs\ticket-system\system\Boot.php(325): CodeIgniter\CodeIgniter->run()
#9 C:\xampp\htdocs\ticket-system\system\Boot.php(67): CodeIgniter\Boot::runCodeIgniter(Object(CodeIgniter\CodeIgniter))
#10 C:\xampp\htdocs\ticket-system\index.php(56): CodeIgniter\Boot::bootWeb(Object(Config\Paths))
#11 {main}
CRITICAL - 2024-05-22 12:19:45 --> CodeIgniter\Database\Exceptions\DatabaseException: Unknown column 'dept' in 'where clause'
[Method: GET, Route: superadmin/fetchData]
in SYSTEMPATH\Database\BaseConnection.php on line 676.
 1 SYSTEMPATH\Database\BaseBuilder.php(1637): CodeIgniter\Database\BaseConnection->query('SELECT *
FROM `department`
WHERE   (
`dept` LIKE :dept: ESCAPE \'!\'
OR  `dept_username` LIKE :dept_username: ESCAPE \'!\'
 )
ORDER BY 1 DESC
 LIMIT 10', [...], false)
 2 APPPATH\Controllers\Superadmin.php(167): CodeIgniter\Database\BaseBuilder->get(10, 0)
 3 SYSTEMPATH\CodeIgniter.php(933): App\Controllers\Superadmin->fetchData()
 4 SYSTEMPATH\CodeIgniter.php(509): CodeIgniter\CodeIgniter->runController(Object(App\Controllers\Superadmin))
 5 SYSTEMPATH\CodeIgniter.php(355): CodeIgniter\CodeIgniter->handleRequest(null, Object(Config\Cache), false)
 6 SYSTEMPATH\Boot.php(325): CodeIgniter\CodeIgniter->run()
 7 SYSTEMPATH\Boot.php(67): CodeIgniter\Boot::runCodeIgniter(Object(CodeIgniter\CodeIgniter))
 8 FCPATH\index.php(56): CodeIgniter\Boot::bootWeb(Object(Config\Paths))
CRITICAL - 2024-05-22 12:19:45 --> [Caused by] CodeIgniter\Database\Exceptions\DatabaseException: Unknown column 'dept' in 'where clause'
in SYSTEMPATH\Database\MySQLi\Connection.php on line 315.
 1 SYSTEMPATH\Database\BaseConnection.php(722): CodeIgniter\Database\MySQLi\Connection->execute('SELECT *
FROM `department`
WHERE   (
`dept` LIKE \'%s%\' ESCAPE \'!\'
OR  `dept_username` LIKE \'%s%\' ESCAPE \'!\'
 )
ORDER BY 1 DESC
 LIMIT 10')
 2 SYSTEMPATH\Database\BaseConnection.php(636): CodeIgniter\Database\BaseConnection->simpleQuery('SELECT *
FROM `department`
WHERE   (
`dept` LIKE \'%s%\' ESCAPE \'!\'
OR  `dept_username` LIKE \'%s%\' ESCAPE \'!\'
 )
ORDER BY 1 DESC
 LIMIT 10')
 3 SYSTEMPATH\Database\BaseBuilder.php(1637): CodeIgniter\Database\BaseConnection->query('SELECT *
FROM `department`
WHERE   (
`dept` LIKE :dept: ESCAPE \'!\'
OR  `dept_username` LIKE :dept_username: ESCAPE \'!\'
 )
ORDER BY 1 DESC
 LIMIT 10', [...], false)
 4 APPPATH\Controllers\Superadmin.php(167): CodeIgniter\Database\BaseBuilder->get(10, 0)
 5 SYSTEMPATH\CodeIgniter.php(933): App\Controllers\Superadmin->fetchData()
 6 SYSTEMPATH\CodeIgniter.php(509): CodeIgniter\CodeIgniter->runController(Object(App\Controllers\Superadmin))
 7 SYSTEMPATH\CodeIgniter.php(355): CodeIgniter\CodeIgniter->handleRequest(null, Object(Config\Cache), false)
 8 SYSTEMPATH\Boot.php(325): CodeIgniter\CodeIgniter->run()
 9 SYSTEMPATH\Boot.php(67): CodeIgniter\Boot::runCodeIgniter(Object(CodeIgniter\CodeIgniter))
10 FCPATH\index.php(56): CodeIgniter\Boot::bootWeb(Object(Config\Paths))
CRITICAL - 2024-05-22 12:19:45 --> [Caused by] mysqli_sql_exception: Unknown column 'dept' in 'where clause'
in SYSTEMPATH\Database\MySQLi\Connection.php on line 310.
 1 SYSTEMPATH\Database\MySQLi\Connection.php(310): mysqli->query('SELECT *
FROM `department`
WHERE   (
`dept` LIKE \'%s%\' ESCAPE \'!\'
OR  `dept_username` LIKE \'%s%\' ESCAPE \'!\'
 )
ORDER BY 1 DESC
 LIMIT 10', 0)
 2 SYSTEMPATH\Database\BaseConnection.php(722): CodeIgniter\Database\MySQLi\Connection->execute('SELECT *
FROM `department`
WHERE   (
`dept` LIKE \'%s%\' ESCAPE \'!\'
OR  `dept_username` LIKE \'%s%\' ESCAPE \'!\'
 )
ORDER BY 1 DESC
 LIMIT 10')
 3 SYSTEMPATH\Database\BaseConnection.php(636): CodeIgniter\Database\BaseConnection->simpleQuery('SELECT *
FROM `department`
WHERE   (
`dept` LIKE \'%s%\' ESCAPE \'!\'
OR  `dept_username` LIKE \'%s%\' ESCAPE \'!\'
 )
ORDER BY 1 DESC
 LIMIT 10')
 4 SYSTEMPATH\Database\BaseBuilder.php(1637): CodeIgniter\Database\BaseConnection->query('SELECT *
FROM `department`
WHERE   (
`dept` LIKE :dept: ESCAPE \'!\'
OR  `dept_username` LIKE :dept_username: ESCAPE \'!\'
 )
ORDER BY 1 DESC
 LIMIT 10', [...], false)
 5 APPPATH\Controllers\Superadmin.php(167): CodeIgniter\Database\BaseBuilder->get(10, 0)
 6 SYSTEMPATH\CodeIgniter.php(933): App\Controllers\Superadmin->fetchData()
 7 SYSTEMPATH\CodeIgniter.php(509): CodeIgniter\CodeIgniter->runController(Object(App\Controllers\Superadmin))
 8 SYSTEMPATH\CodeIgniter.php(355): CodeIgniter\CodeIgniter->handleRequest(null, Object(Config\Cache), false)
 9 SYSTEMPATH\Boot.php(325): CodeIgniter\CodeIgniter->run()
10 SYSTEMPATH\Boot.php(67): CodeIgniter\Boot::runCodeIgniter(Object(CodeIgniter\CodeIgniter))
11 FCPATH\index.php(56): CodeIgniter\Boot::bootWeb(Object(Config\Paths))
ERROR - 2024-05-22 14:42:46 --> mysqli_sql_exception: Unknown column 'status' in 'field list' in C:\xampp\htdocs\ticket-system\system\Database\MySQLi\Connection.php:310
Stack trace:
#0 C:\xampp\htdocs\ticket-system\system\Database\MySQLi\Connection.php(310): mysqli->query('UPDATE `departm...', 0)
#1 C:\xampp\htdocs\ticket-system\system\Database\BaseConnection.php(722): CodeIgniter\Database\MySQLi\Connection->execute('UPDATE `departm...')
#2 C:\xampp\htdocs\ticket-system\system\Database\BaseConnection.php(636): CodeIgniter\Database\BaseConnection->simpleQuery('UPDATE `departm...')
#3 C:\xampp\htdocs\ticket-system\system\Database\BaseBuilder.php(2509): CodeIgniter\Database\BaseConnection->query('UPDATE `departm...', Array, false)
#4 C:\xampp\htdocs\ticket-system\app\Models\GeneralModel.php(46): CodeIgniter\Database\BaseBuilder->update()
#5 C:\xampp\htdocs\ticket-system\app\Controllers\Superadmin.php(209): App\Models\GeneralModel->updateStatus('department', '4', '0')
#6 C:\xampp\htdocs\ticket-system\system\CodeIgniter.php(933): App\Controllers\Superadmin->togglestatus()
#7 C:\xampp\htdocs\ticket-system\system\CodeIgniter.php(509): CodeIgniter\CodeIgniter->runController(Object(App\Controllers\Superadmin))
#8 C:\xampp\htdocs\ticket-system\system\CodeIgniter.php(355): CodeIgniter\CodeIgniter->handleRequest(NULL, Object(Config\Cache), false)
#9 C:\xampp\htdocs\ticket-system\system\Boot.php(325): CodeIgniter\CodeIgniter->run()
#10 C:\xampp\htdocs\ticket-system\system\Boot.php(67): CodeIgniter\Boot::runCodeIgniter(Object(CodeIgniter\CodeIgniter))
#11 C:\xampp\htdocs\ticket-system\index.php(56): CodeIgniter\Boot::bootWeb(Object(Config\Paths))
#12 {main}
CRITICAL - 2024-05-22 14:42:46 --> CodeIgniter\Database\Exceptions\DatabaseException: Unknown column 'status' in 'field list'
[Method: POST, Route: superadmin/togglestatus]
in SYSTEMPATH\Database\BaseConnection.php on line 676.
 1 SYSTEMPATH\Database\BaseBuilder.php(2509): CodeIgniter\Database\BaseConnection->query('UPDATE `department` SET `status` = :status:
WHERE `id` = :id:', [...], false)
 2 APPPATH\Models\GeneralModel.php(46): CodeIgniter\Database\BaseBuilder->update()
 3 APPPATH\Controllers\Superadmin.php(209): App\Models\GeneralModel->updateStatus('department', '4', '0')
 4 SYSTEMPATH\CodeIgniter.php(933): App\Controllers\Superadmin->togglestatus()
 5 SYSTEMPATH\CodeIgniter.php(509): CodeIgniter\CodeIgniter->runController(Object(App\Controllers\Superadmin))
 6 SYSTEMPATH\CodeIgniter.php(355): CodeIgniter\CodeIgniter->handleRequest(null, Object(Config\Cache), false)
 7 SYSTEMPATH\Boot.php(325): CodeIgniter\CodeIgniter->run()
 8 SYSTEMPATH\Boot.php(67): CodeIgniter\Boot::runCodeIgniter(Object(CodeIgniter\CodeIgniter))
 9 FCPATH\index.php(56): CodeIgniter\Boot::bootWeb(Object(Config\Paths))
CRITICAL - 2024-05-22 14:42:47 --> [Caused by] CodeIgniter\Database\Exceptions\DatabaseException: Unknown column 'status' in 'field list'
in SYSTEMPATH\Database\MySQLi\Connection.php on line 315.
 1 SYSTEMPATH\Database\BaseConnection.php(722): CodeIgniter\Database\MySQLi\Connection->execute('UPDATE `department` SET `status` = \'0\'
WHERE `id` = \'4\'')
 2 SYSTEMPATH\Database\BaseConnection.php(636): CodeIgniter\Database\BaseConnection->simpleQuery('UPDATE `department` SET `status` = \'0\'
WHERE `id` = \'4\'')
 3 SYSTEMPATH\Database\BaseBuilder.php(2509): CodeIgniter\Database\BaseConnection->query('UPDATE `department` SET `status` = :status:
WHERE `id` = :id:', [...], false)
 4 APPPATH\Models\GeneralModel.php(46): CodeIgniter\Database\BaseBuilder->update()
 5 APPPATH\Controllers\Superadmin.php(209): App\Models\GeneralModel->updateStatus('department', '4', '0')
 6 SYSTEMPATH\CodeIgniter.php(933): App\Controllers\Superadmin->togglestatus()
 7 SYSTEMPATH\CodeIgniter.php(509): CodeIgniter\CodeIgniter->runController(Object(App\Controllers\Superadmin))
 8 SYSTEMPATH\CodeIgniter.php(355): CodeIgniter\CodeIgniter->handleRequest(null, Object(Config\Cache), false)
 9 SYSTEMPATH\Boot.php(325): CodeIgniter\CodeIgniter->run()
10 SYSTEMPATH\Boot.php(67): CodeIgniter\Boot::runCodeIgniter(Object(CodeIgniter\CodeIgniter))
11 FCPATH\index.php(56): CodeIgniter\Boot::bootWeb(Object(Config\Paths))
CRITICAL - 2024-05-22 14:42:47 --> [Caused by] mysqli_sql_exception: Unknown column 'status' in 'field list'
in SYSTEMPATH\Database\MySQLi\Connection.php on line 310.
 1 SYSTEMPATH\Database\MySQLi\Connection.php(310): mysqli->query('UPDATE `department` SET `status` = \'0\'
WHERE `id` = \'4\'', 0)
 2 SYSTEMPATH\Database\BaseConnection.php(722): CodeIgniter\Database\MySQLi\Connection->execute('UPDATE `department` SET `status` = \'0\'
WHERE `id` = \'4\'')
 3 SYSTEMPATH\Database\BaseConnection.php(636): CodeIgniter\Database\BaseConnection->simpleQuery('UPDATE `department` SET `status` = \'0\'
WHERE `id` = \'4\'')
 4 SYSTEMPATH\Database\BaseBuilder.php(2509): CodeIgniter\Database\BaseConnection->query('UPDATE `department` SET `status` = :status:
WHERE `id` = :id:', [...], false)
 5 APPPATH\Models\GeneralModel.php(46): CodeIgniter\Database\BaseBuilder->update()
 6 APPPATH\Controllers\Superadmin.php(209): App\Models\GeneralModel->updateStatus('department', '4', '0')
 7 SYSTEMPATH\CodeIgniter.php(933): App\Controllers\Superadmin->togglestatus()
 8 SYSTEMPATH\CodeIgniter.php(509): CodeIgniter\CodeIgniter->runController(Object(App\Controllers\Superadmin))
 9 SYSTEMPATH\CodeIgniter.php(355): CodeIgniter\CodeIgniter->handleRequest(null, Object(Config\Cache), false)
10 SYSTEMPATH\Boot.php(325): CodeIgniter\CodeIgniter->run()
11 SYSTEMPATH\Boot.php(67): CodeIgniter\Boot::runCodeIgniter(Object(CodeIgniter\CodeIgniter))
12 FCPATH\index.php(56): CodeIgniter\Boot::bootWeb(Object(Config\Paths))
ERROR - 2024-05-22 14:43:10 --> mysqli_sql_exception: Unknown column 'status' in 'field list' in C:\xampp\htdocs\ticket-system\system\Database\MySQLi\Connection.php:310
Stack trace:
#0 C:\xampp\htdocs\ticket-system\system\Database\MySQLi\Connection.php(310): mysqli->query('UPDATE `departm...', 0)
#1 C:\xampp\htdocs\ticket-system\system\Database\BaseConnection.php(722): CodeIgniter\Database\MySQLi\Connection->execute('UPDATE `departm...')
#2 C:\xampp\htdocs\ticket-system\system\Database\BaseConnection.php(636): CodeIgniter\Database\BaseConnection->simpleQuery('UPDATE `departm...')
#3 C:\xampp\htdocs\ticket-system\system\Database\BaseBuilder.php(2509): CodeIgniter\Database\BaseConnection->query('UPDATE `departm...', Array, false)
#4 C:\xampp\htdocs\ticket-system\app\Models\GeneralModel.php(46): CodeIgniter\Database\BaseBuilder->update()
#5 C:\xampp\htdocs\ticket-system\app\Controllers\Superadmin.php(209): App\Models\GeneralModel->updateStatus('department', '4', '0')
#6 C:\xampp\htdocs\ticket-system\system\CodeIgniter.php(933): App\Controllers\Superadmin->togglestatus()
#7 C:\xampp\htdocs\ticket-system\system\CodeIgniter.php(509): CodeIgniter\CodeIgniter->runController(Object(App\Controllers\Superadmin))
#8 C:\xampp\htdocs\ticket-system\system\CodeIgniter.php(355): CodeIgniter\CodeIgniter->handleRequest(NULL, Object(Config\Cache), false)
#9 C:\xampp\htdocs\ticket-system\system\Boot.php(325): CodeIgniter\CodeIgniter->run()
#10 C:\xampp\htdocs\ticket-system\system\Boot.php(67): CodeIgniter\Boot::runCodeIgniter(Object(CodeIgniter\CodeIgniter))
#11 C:\xampp\htdocs\ticket-system\index.php(56): CodeIgniter\Boot::bootWeb(Object(Config\Paths))
#12 {main}
CRITICAL - 2024-05-22 14:43:10 --> CodeIgniter\Database\Exceptions\DatabaseException: Unknown column 'status' in 'field list'
[Method: POST, Route: superadmin/togglestatus]
in SYSTEMPATH\Database\BaseConnection.php on line 676.
 1 SYSTEMPATH\Database\BaseBuilder.php(2509): CodeIgniter\Database\BaseConnection->query('UPDATE `department` SET `status` = :status:
WHERE `id` = :id:', [...], false)
 2 APPPATH\Models\GeneralModel.php(46): CodeIgniter\Database\BaseBuilder->update()
 3 APPPATH\Controllers\Superadmin.php(209): App\Models\GeneralModel->updateStatus('department', '4', '0')
 4 SYSTEMPATH\CodeIgniter.php(933): App\Controllers\Superadmin->togglestatus()
 5 SYSTEMPATH\CodeIgniter.php(509): CodeIgniter\CodeIgniter->runController(Object(App\Controllers\Superadmin))
 6 SYSTEMPATH\CodeIgniter.php(355): CodeIgniter\CodeIgniter->handleRequest(null, Object(Config\Cache), false)
 7 SYSTEMPATH\Boot.php(325): CodeIgniter\CodeIgniter->run()
 8 SYSTEMPATH\Boot.php(67): CodeIgniter\Boot::runCodeIgniter(Object(CodeIgniter\CodeIgniter))
 9 FCPATH\index.php(56): CodeIgniter\Boot::bootWeb(Object(Config\Paths))
CRITICAL - 2024-05-22 14:43:10 --> [Caused by] CodeIgniter\Database\Exceptions\DatabaseException: Unknown column 'status' in 'field list'
in SYSTEMPATH\Database\MySQLi\Connection.php on line 315.
 1 SYSTEMPATH\Database\BaseConnection.php(722): CodeIgniter\Database\MySQLi\Connection->execute('UPDATE `department` SET `status` = \'0\'
WHERE `id` = \'4\'')
 2 SYSTEMPATH\Database\BaseConnection.php(636): CodeIgniter\Database\BaseConnection->simpleQuery('UPDATE `department` SET `status` = \'0\'
WHERE `id` = \'4\'')
 3 SYSTEMPATH\Database\BaseBuilder.php(2509): CodeIgniter\Database\BaseConnection->query('UPDATE `department` SET `status` = :status:
WHERE `id` = :id:', [...], false)
 4 APPPATH\Models\GeneralModel.php(46): CodeIgniter\Database\BaseBuilder->update()
 5 APPPATH\Controllers\Superadmin.php(209): App\Models\GeneralModel->updateStatus('department', '4', '0')
 6 SYSTEMPATH\CodeIgniter.php(933): App\Controllers\Superadmin->togglestatus()
 7 SYSTEMPATH\CodeIgniter.php(509): CodeIgniter\CodeIgniter->runController(Object(App\Controllers\Superadmin))
 8 SYSTEMPATH\CodeIgniter.php(355): CodeIgniter\CodeIgniter->handleRequest(null, Object(Config\Cache), false)
 9 SYSTEMPATH\Boot.php(325): CodeIgniter\CodeIgniter->run()
10 SYSTEMPATH\Boot.php(67): CodeIgniter\Boot::runCodeIgniter(Object(CodeIgniter\CodeIgniter))
11 FCPATH\index.php(56): CodeIgniter\Boot::bootWeb(Object(Config\Paths))
CRITICAL - 2024-05-22 14:43:10 --> [Caused by] mysqli_sql_exception: Unknown column 'status' in 'field list'
in SYSTEMPATH\Database\MySQLi\Connection.php on line 310.
 1 SYSTEMPATH\Database\MySQLi\Connection.php(310): mysqli->query('UPDATE `department` SET `status` = \'0\'
WHERE `id` = \'4\'', 0)
 2 SYSTEMPATH\Database\BaseConnection.php(722): CodeIgniter\Database\MySQLi\Connection->execute('UPDATE `department` SET `status` = \'0\'
WHERE `id` = \'4\'')
 3 SYSTEMPATH\Database\BaseConnection.php(636): CodeIgniter\Database\BaseConnection->simpleQuery('UPDATE `department` SET `status` = \'0\'
WHERE `id` = \'4\'')
 4 SYSTEMPATH\Database\BaseBuilder.php(2509): CodeIgniter\Database\BaseConnection->query('UPDATE `department` SET `status` = :status:
WHERE `id` = :id:', [...], false)
 5 APPPATH\Models\GeneralModel.php(46): CodeIgniter\Database\BaseBuilder->update()
 6 APPPATH\Controllers\Superadmin.php(209): App\Models\GeneralModel->updateStatus('department', '4', '0')
 7 SYSTEMPATH\CodeIgniter.php(933): App\Controllers\Superadmin->togglestatus()
 8 SYSTEMPATH\CodeIgniter.php(509): CodeIgniter\CodeIgniter->runController(Object(App\Controllers\Superadmin))
 9 SYSTEMPATH\CodeIgniter.php(355): CodeIgniter\CodeIgniter->handleRequest(null, Object(Config\Cache), false)
10 SYSTEMPATH\Boot.php(325): CodeIgniter\CodeIgniter->run()
11 SYSTEMPATH\Boot.php(67): CodeIgniter\Boot::runCodeIgniter(Object(CodeIgniter\CodeIgniter))
12 FCPATH\index.php(56): CodeIgniter\Boot::bootWeb(Object(Config\Paths))
ERROR - 2024-05-22 14:44:17 --> mysqli_sql_exception: Unknown column 'status' in 'field list' in C:\xampp\htdocs\ticket-system\system\Database\MySQLi\Connection.php:310
Stack trace:
#0 C:\xampp\htdocs\ticket-system\system\Database\MySQLi\Connection.php(310): mysqli->query('UPDATE `departm...', 0)
#1 C:\xampp\htdocs\ticket-system\system\Database\BaseConnection.php(722): CodeIgniter\Database\MySQLi\Connection->execute('UPDATE `departm...')
#2 C:\xampp\htdocs\ticket-system\system\Database\BaseConnection.php(636): CodeIgniter\Database\BaseConnection->simpleQuery('UPDATE `departm...')
#3 C:\xampp\htdocs\ticket-system\system\Database\BaseBuilder.php(2509): CodeIgniter\Database\BaseConnection->query('UPDATE `departm...', Array, false)
#4 C:\xampp\htdocs\ticket-system\app\Models\GeneralModel.php(46): CodeIgniter\Database\BaseBuilder->update()
#5 C:\xampp\htdocs\ticket-system\app\Controllers\Superadmin.php(209): App\Models\GeneralModel->updateStatus('department', '4', '0')
#6 C:\xampp\htdocs\ticket-system\system\CodeIgniter.php(933): App\Controllers\Superadmin->togglestatus()
#7 C:\xampp\htdocs\ticket-system\system\CodeIgniter.php(509): CodeIgniter\CodeIgniter->runController(Object(App\Controllers\Superadmin))
#8 C:\xampp\htdocs\ticket-system\system\CodeIgniter.php(355): CodeIgniter\CodeIgniter->handleRequest(NULL, Object(Config\Cache), false)
#9 C:\xampp\htdocs\ticket-system\system\Boot.php(325): CodeIgniter\CodeIgniter->run()
#10 C:\xampp\htdocs\ticket-system\system\Boot.php(67): CodeIgniter\Boot::runCodeIgniter(Object(CodeIgniter\CodeIgniter))
#11 C:\xampp\htdocs\ticket-system\index.php(56): CodeIgniter\Boot::bootWeb(Object(Config\Paths))
#12 {main}
CRITICAL - 2024-05-22 14:44:17 --> CodeIgniter\Database\Exceptions\DatabaseException: Unknown column 'status' in 'field list'
[Method: POST, Route: superadmin/togglestatus]
in SYSTEMPATH\Database\BaseConnection.php on line 676.
 1 SYSTEMPATH\Database\BaseBuilder.php(2509): CodeIgniter\Database\BaseConnection->query('UPDATE `department` SET `status` = :status:
WHERE `id` = :id:', [...], false)
 2 APPPATH\Models\GeneralModel.php(46): CodeIgniter\Database\BaseBuilder->update()
 3 APPPATH\Controllers\Superadmin.php(209): App\Models\GeneralModel->updateStatus('department', '4', '0')
 4 SYSTEMPATH\CodeIgniter.php(933): App\Controllers\Superadmin->togglestatus()
 5 SYSTEMPATH\CodeIgniter.php(509): CodeIgniter\CodeIgniter->runController(Object(App\Controllers\Superadmin))
 6 SYSTEMPATH\CodeIgniter.php(355): CodeIgniter\CodeIgniter->handleRequest(null, Object(Config\Cache), false)
 7 SYSTEMPATH\Boot.php(325): CodeIgniter\CodeIgniter->run()
 8 SYSTEMPATH\Boot.php(67): CodeIgniter\Boot::runCodeIgniter(Object(CodeIgniter\CodeIgniter))
 9 FCPATH\index.php(56): CodeIgniter\Boot::bootWeb(Object(Config\Paths))
CRITICAL - 2024-05-22 14:44:17 --> [Caused by] CodeIgniter\Database\Exceptions\DatabaseException: Unknown column 'status' in 'field list'
in SYSTEMPATH\Database\MySQLi\Connection.php on line 315.
 1 SYSTEMPATH\Database\BaseConnection.php(722): CodeIgniter\Database\MySQLi\Connection->execute('UPDATE `department` SET `status` = \'0\'
WHERE `id` = \'4\'')
 2 SYSTEMPATH\Database\BaseConnection.php(636): CodeIgniter\Database\BaseConnection->simpleQuery('UPDATE `department` SET `status` = \'0\'
WHERE `id` = \'4\'')
 3 SYSTEMPATH\Database\BaseBuilder.php(2509): CodeIgniter\Database\BaseConnection->query('UPDATE `department` SET `status` = :status:
WHERE `id` = :id:', [...], false)
 4 APPPATH\Models\GeneralModel.php(46): CodeIgniter\Database\BaseBuilder->update()
 5 APPPATH\Controllers\Superadmin.php(209): App\Models\GeneralModel->updateStatus('department', '4', '0')
 6 SYSTEMPATH\CodeIgniter.php(933): App\Controllers\Superadmin->togglestatus()
 7 SYSTEMPATH\CodeIgniter.php(509): CodeIgniter\CodeIgniter->runController(Object(App\Controllers\Superadmin))
 8 SYSTEMPATH\CodeIgniter.php(355): CodeIgniter\CodeIgniter->handleRequest(null, Object(Config\Cache), false)
 9 SYSTEMPATH\Boot.php(325): CodeIgniter\CodeIgniter->run()
10 SYSTEMPATH\Boot.php(67): CodeIgniter\Boot::runCodeIgniter(Object(CodeIgniter\CodeIgniter))
11 FCPATH\index.php(56): CodeIgniter\Boot::bootWeb(Object(Config\Paths))
CRITICAL - 2024-05-22 14:44:17 --> [Caused by] mysqli_sql_exception: Unknown column 'status' in 'field list'
in SYSTEMPATH\Database\MySQLi\Connection.php on line 310.
 1 SYSTEMPATH\Database\MySQLi\Connection.php(310): mysqli->query('UPDATE `department` SET `status` = \'0\'
WHERE `id` = \'4\'', 0)
 2 SYSTEMPATH\Database\BaseConnection.php(722): CodeIgniter\Database\MySQLi\Connection->execute('UPDATE `department` SET `status` = \'0\'
WHERE `id` = \'4\'')
 3 SYSTEMPATH\Database\BaseConnection.php(636): CodeIgniter\Database\BaseConnection->simpleQuery('UPDATE `department` SET `status` = \'0\'
WHERE `id` = \'4\'')
 4 SYSTEMPATH\Database\BaseBuilder.php(2509): CodeIgniter\Database\BaseConnection->query('UPDATE `department` SET `status` = :status:
WHERE `id` = :id:', [...], false)
 5 APPPATH\Models\GeneralModel.php(46): CodeIgniter\Database\BaseBuilder->update()
 6 APPPATH\Controllers\Superadmin.php(209): App\Models\GeneralModel->updateStatus('department', '4', '0')
 7 SYSTEMPATH\CodeIgniter.php(933): App\Controllers\Superadmin->togglestatus()
 8 SYSTEMPATH\CodeIgniter.php(509): CodeIgniter\CodeIgniter->runController(Object(App\Controllers\Superadmin))
 9 SYSTEMPATH\CodeIgniter.php(355): CodeIgniter\CodeIgniter->handleRequest(null, Object(Config\Cache), false)
10 SYSTEMPATH\Boot.php(325): CodeIgniter\CodeIgniter->run()
11 SYSTEMPATH\Boot.php(67): CodeIgniter\Boot::runCodeIgniter(Object(CodeIgniter\CodeIgniter))
12 FCPATH\index.php(56): CodeIgniter\Boot::bootWeb(Object(Config\Paths))
